geometric-optimize called with the following command line:
/home/thomas/Notebook/anaconda/envs/echem/lib/python3.9/site-packages/ipykernel_launcher.py -f /tmp/tmpo4ja5otk.json --HistoryManager.hist_file=:memory:

                                        [91m())))))))))))))))/[0m                     
                                    [91m())))))))))))))))))))))))),[0m                
                                [91m*)))))))))))))))))))))))))))))))))[0m             
                        [94m#,[0m    [91m()))))))))/[0m                [91m.)))))))))),[0m          
                      [94m#%%%%,[0m  [91m())))))[0m                        [91m.))))))))*[0m        
                      [94m*%%%%%%,[0m  [91m))[0m              [93m..[0m              [91m,))))))).[0m      
                        [94m*%%%%%%,[0m         [93m***************/.[0m        [91m.)))))))[0m     
                [94m#%%/[0m      [94m(%%%%%%,[0m    [93m/*********************.[0m       [91m)))))))[0m    
              [94m.%%%%%%#[0m      [94m*%%%%%%,[0m  [93m*******/,[0m     [93m**********,[0m      [91m.))))))[0m   
                [94m.%%%%%%/[0m      [94m*%%%%%%,[0m  [93m**[0m              [93m********[0m      [91m.))))))[0m  
          [94m##[0m      [94m.%%%%%%/[0m      [94m(%%%%%%,[0m                  [93m,******[0m      [91m/)))))[0m  
        [94m%%%%%%[0m      [94m.%%%%%%#[0m      [94m*%%%%%%,[0m    [92m,/////.[0m       [93m******[0m      [91m))))))[0m 
      [94m#%[0m      [94m%%[0m      [94m.%%%%%%/[0m      [94m*%%%%%%,[0m  [92m////////,[0m      [93m*****/[0m     [91m,)))))[0m 
    [94m#%%[0m  [94m%%%[0m  [94m%%%#[0m      [94m.%%%%%%/[0m      [94m(%%%%%%,[0m  [92m///////.[0m     [93m/*****[0m      [91m))))).[0m
  [94m#%%%%.[0m      [94m%%%%%#[0m      [94m/%%%%%%*[0m      [94m#%%%%%%[0m   [92m/////)[0m     [93m******[0m      [91m))))),[0m
    [94m#%%%%##%[0m  [94m%%%#[0m      [94m.%%%%%%/[0m      [94m(%%%%%%,[0m  [92m///////.[0m     [93m/*****[0m      [91m))))).[0m
      [94m##[0m     [94m%%%[0m      [94m.%%%%%%/[0m      [94m*%%%%%%,[0m  [92m////////.[0m      [93m*****/[0m     [91m,)))))[0m 
        [94m#%%%%#[0m      [94m/%%%%%%/[0m      [94m(%%%%%%[0m      [92m/)/)//[0m       [93m******[0m      [91m))))))[0m 
          [94m##[0m      [94m.%%%%%%/[0m      [94m(%%%%%%,[0m                  [93m*******[0m      [91m))))))[0m  
                [94m.%%%%%%/[0m      [94m*%%%%%%,[0m  [93m**.[0m             [93m/*******[0m      [91m.))))))[0m  
              [94m*%%%%%%/[0m      [94m(%%%%%%[0m   [93m********/*..,*/*********[0m       [91m*))))))[0m   
                [94m#%%/[0m      [94m(%%%%%%,[0m    [93m*********************/[0m        [91m)))))))[0m    
                        [94m*%%%%%%,[0m         [93m,**************/[0m         [91m,))))))/[0m     
                      [94m(%%%%%%[0m   [91m()[0m                              [91m))))))))[0m       
                      [94m#%%%%,[0m  [91m())))))[0m                        [91m,)))))))),[0m        
                        [94m#,[0m    [91m())))))))))[0m                [91m,)))))))))).[0m          
                                 [91m()))))))))))))))))))))))))))))))/[0m             
                                    [91m())))))))))))))))))))))))).[0m                
                                         [91m())))))))))))))),[0m                     

-=# [1;94m geomeTRIC started. Version: 0+unknown [0m #=-
Custom engine selected.
9 internal coordinates being used (instead of 9 Cartesians)
Internal coordinate system (atoms numbered from 1):
Distance 1-2
Distance 1-3
Angle 2-1-3
Translation-X 1-3
Translation-Y 1-3
Translation-Z 1-3
Rotation-A 1-3
Rotation-B 1-3
Rotation-C 1-3
<class 'geometric.internal.Distance'> : 2
<class 'geometric.internal.Angle'> : 1
<class 'geometric.internal.TranslationX'> : 1
<class 'geometric.internal.TranslationY'> : 1
<class 'geometric.internal.TranslationZ'> : 1
<class 'geometric.internal.RotationA'> : 1
<class 'geometric.internal.RotationB'> : 1
<class 'geometric.internal.RotationC'> : 1
Step    0 : Gradient = 1.464e-01/1.801e-01 (rms/max) Energy = -74.8380086853
Hessian Eigenvalues: 5.00000e-02 5.00000e-02 5.00000e-02 ... 1.60000e-01 3.05885e-01 5.60078e-01
Step    1 : Displace = [0m9.678e-02[0m/[0m1.176e-01[0m (rms/max) Trust = 1.000e-01 (=) Grad = [0m1.010e-01[0m/[0m1.337e-01[0m (rms/max) E (change) = -74.8980440400 ([0m-6.004e-02[0m) Quality = [0m1.094[0m
Hessian Eigenvalues: 5.00000e-02 5.00000e-02 5.00000e-02 ... 6.50509e-02 5.53554e-01 6.24795e-01
Step    2 : Displace = [0m1.337e-01[0m/[0m1.459e-01[0m (rms/max) Trust = 1.414e-01 ([92m+[0m) Grad = [0m9.541e-02[0m/[0m1.318e-01[0m (rms/max) E (change) = -74.9477304842 ([0m-4.969e-02[0m) Quality = [0m0.827[0m
Hessian Eigenvalues: 5.00000e-02 5.00000e-02 5.00000e-02 ... 1.25353e-01 5.55470e-01 9.38707e-01
Step    3 : Displace = [0m1.729e-01[0m/[0m1.783e-01[0m (rms/max) Trust = 2.000e-01 ([92m+[0m) Grad = [0m5.277e-02[0m/[0m6.798e-02[0m (rms/max) E (change) = -74.9524926816 ([0m-4.762e-03[0m) Quality = [0m0.182[0m
Hessian Eigenvalues: 5.00000e-02 5.00000e-02 5.00000e-02 ... 2.81036e-01 5.60184e-01 8.34449e-01
Step    4 : Displace = [0m8.794e-02[0m/[0m1.023e-01[0m (rms/max) Trust = 8.643e-02 ([91m-[0m) Grad = [0m5.489e-03[0m/[0m7.452e-03[0m (rms/max) E (change) = -74.9658290501 ([0m-1.334e-02[0m) Quality = [0m0.875[0m
Hessian Eigenvalues: 5.00000e-02 5.00000e-02 5.00000e-02 ... 3.27715e-01 5.63358e-01 8.06672e-01
Step    5 : Displace = [0m5.371e-03[0m/[0m6.791e-03[0m (rms/max) Trust = 1.222e-01 ([92m+[0m) Grad = [0m8.300e-04[0m/[0m1.017e-03[0m (rms/max) E (change) = -74.9658997541 ([0m-7.070e-05[0m) Quality = [0m1.110[0m
Hessian Eigenvalues: 5.00000e-02 5.00000e-02 5.00000e-02 ... 3.18735e-01 5.60758e-01 7.38964e-01
Step    6 : Displace = [92m8.399e-04[0m/[92m1.037e-03[0m (rms/max) Trust = 1.729e-01 ([92m+[0m) Grad = [92m1.184e-04[0m/[92m1.466e-04[0m (rms/max) E (change) = -74.9659012007 ([0m-1.447e-06[0m) Quality = [0m0.960[0m
Hessian Eigenvalues: 5.00000e-02 5.00000e-02 5.00000e-02 ... 3.22902e-01 6.20649e-01 6.84723e-01
Step    7 : Displace = [92m5.777e-05[0m/[92m7.574e-05[0m (rms/max) Trust = 2.445e-01 ([92m+[0m) Grad = [92m1.160e-05[0m/[92m1.606e-05[0m (rms/max) E (change) = -74.9659012171 ([92m-1.639e-08[0m) Quality = [0m0.973[0m
Hessian Eigenvalues: 5.00000e-02 5.00000e-02 5.00000e-02 ... 3.22902e-01 6.20649e-01 6.84723e-01
Converged! =D

    #==========================================================================#
    #| If this code has benefited your research, please support us by citing: |#
    #|                                                                        |#
    #| Wang, L.-P.; Song, C.C. (2016) "Geometry optimization made simple with |#
    #| translation and rotation coordinates", J. Chem, Phys. 144, 214108.     |#
    #| http://dx.doi.org/10.1063/1.4952956                                    |#
    #==========================================================================#
    Time elapsed since start of run_optimizer: 14.870 seconds
No artists with labels found to put in legend.  Note that artists whose label start with an underscore are ignored when legend() is called with no argument.