Traceback (most recent call last):
  File "/opt/miniconda3/envs/echem/lib/python3.11/site-packages/jupyter_cache/executors/utils.py", line 58, in single_nb_execution
    executenb(
  File "/opt/miniconda3/envs/echem/lib/python3.11/site-packages/nbclient/client.py", line 1305, in execute
    return NotebookClient(nb=nb, resources=resources, km=km, **kwargs).execute()
           ^^^^^^^^^^^^^^^^^^^^^^^^^^^^^^^^^^^^^^^^^^^^^^^^^^^^^^^^^^^^^^^^^^^^^
  File "/opt/miniconda3/envs/echem/lib/python3.11/site-packages/jupyter_core/utils/__init__.py", line 173, in wrapped
    return loop.run_until_complete(inner)
           ^^^^^^^^^^^^^^^^^^^^^^^^^^^^^^
  File "/opt/miniconda3/envs/echem/lib/python3.11/asyncio/base_events.py", line 653, in run_until_complete
    return future.result()
           ^^^^^^^^^^^^^^^
  File "/opt/miniconda3/envs/echem/lib/python3.11/site-packages/nbclient/client.py", line 705, in async_execute
    await self.async_execute_cell(
  File "/opt/miniconda3/envs/echem/lib/python3.11/site-packages/nbclient/client.py", line 1058, in async_execute_cell
    await self._check_raise_for_error(cell, cell_index, exec_reply)
  File "/opt/miniconda3/envs/echem/lib/python3.11/site-packages/nbclient/client.py", line 914, in _check_raise_for_error
    raise CellExecutionError.from_cell_and_msg(cell, exec_reply_content)
nbclient.exceptions.CellExecutionError: An error occurred while executing the following cell:
------------------
scf_drv = vlx.ScfRestrictedDriver()

molecule = vlx.Molecule.read_xyz_string(dimer_xyz)
basis = vlx.MolecularBasis.read(molecule, "6-31g", ostream=None)

scf_drv.xcfun = "bhandhlyp"
scf_results = scf_drv.compute(molecule, basis)
------------------


[0;31m---------------------------------------------------------------------------[0m
[0;31mValueError[0m                                Traceback (most recent call last)
Cell [0;32mIn[4], line 3[0m
[1;32m      1[0m scf_drv [38;5;241m=[39m vlx[38;5;241m.[39mScfRestrictedDriver()
[0;32m----> 3[0m molecule [38;5;241m=[39m [43mvlx[49m[38;5;241;43m.[39;49m[43mMolecule[49m[38;5;241;43m.[39;49m[43mread_xyz_string[49m[43m([49m[43mdimer_xyz[49m[43m)[49m
[1;32m      4[0m basis [38;5;241m=[39m vlx[38;5;241m.[39mMolecularBasis[38;5;241m.[39mread(molecule, [38;5;124m"[39m[38;5;124m6-31g[39m[38;5;124m"[39m, ostream[38;5;241m=[39m[38;5;28;01mNone[39;00m)
[1;32m      6[0m scf_drv[38;5;241m.[39mxcfun [38;5;241m=[39m [38;5;124m"[39m[38;5;124mbhandhlyp[39m[38;5;124m"[39m

File [0;32m/opt/miniconda3/envs/echem/lib/python3.11/site-packages/veloxchem/molecule.py:186[0m, in [0;36m_Molecule_read_xyz_string[0;34m(xyz)[0m
[1;32m    182[0m assert_msg_critical(natoms [38;5;241m==[39m [38;5;28mlen[39m(lines[[38;5;241m2[39m:]),
[1;32m    183[0m                     [38;5;124m'[39m[38;5;124mMolecule: Inconsistent number of atoms in XYZ input[39m[38;5;124m'[39m)
[1;32m    185[0m mol_str [38;5;241m=[39m [38;5;124m'[39m[38;5;130;01m\n[39;00m[38;5;124m'[39m[38;5;241m.[39mjoin(lines[[38;5;241m2[39m:])
[0;32m--> 186[0m [38;5;28;01mreturn[39;00m [43mMolecule[49m[38;5;241;43m.[39;49m[43mread_molecule_string[49m[43m([49m[43mmol_str[49m[43m,[49m[43m [49m[38;5;124;43m'[39;49m[38;5;124;43mangstrom[39;49m[38;5;124;43m'[39;49m[43m)[49m

File [0;32m/opt/miniconda3/envs/echem/lib/python3.11/site-packages/veloxchem/molecule.py:139[0m, in [0;36m_Molecule_read_molecule_string[0;34m(mol_str, units)[0m
[1;32m    137[0m         content [38;5;241m=[39m line[38;5;241m.[39msplit()
[1;32m    138[0m         labels[38;5;241m.[39mappend(content[[38;5;241m0[39m])
[0;32m--> 139[0m         coords[38;5;241m.[39mappend([43m[[49m[38;5;28;43mfloat[39;49m[43m([49m[43mx[49m[43m)[49m[43m [49m[38;5;28;43;01mfor[39;49;00m[43m [49m[43mx[49m[43m [49m[38;5;129;43;01min[39;49;00m[43m [49m[43mcontent[49m[43m[[49m[38;5;241;43m1[39;49m[43m:[49m[38;5;241;43m4[39;49m[43m][49m[43m][49m)
[1;32m    141[0m [38;5;28;01mreturn[39;00m Molecule(labels, coords, units)

File [0;32m/opt/miniconda3/envs/echem/lib/python3.11/site-packages/veloxchem/molecule.py:139[0m, in [0;36m<listcomp>[0;34m(.0)[0m
[1;32m    137[0m         content [38;5;241m=[39m line[38;5;241m.[39msplit()
[1;32m    138[0m         labels[38;5;241m.[39mappend(content[[38;5;241m0[39m])
[0;32m--> 139[0m         coords[38;5;241m.[39mappend([[38;5;28;43mfloat[39;49m[43m([49m[43mx[49m[43m)[49m [38;5;28;01mfor[39;00m x [38;5;129;01min[39;00m content[[38;5;241m1[39m:[38;5;241m4[39m]])
[1;32m    141[0m [38;5;28;01mreturn[39;00m Molecule(labels, coords, units)

[0;31mValueError[0m: could not convert string to float: 'bottom'

