Traceback (most recent call last):
  File "/opt/miniconda3/envs/echem/lib/python3.10/site-packages/jupyter_cache/executors/utils.py", line 58, in single_nb_execution
    executenb(
  File "/opt/miniconda3/envs/echem/lib/python3.10/site-packages/nbclient/client.py", line 1305, in execute
    return NotebookClient(nb=nb, resources=resources, km=km, **kwargs).execute()
  File "/opt/miniconda3/envs/echem/lib/python3.10/site-packages/jupyter_core/utils/__init__.py", line 165, in wrapped
    return loop.run_until_complete(inner)
  File "/opt/miniconda3/envs/echem/lib/python3.10/asyncio/base_events.py", line 649, in run_until_complete
    return future.result()
  File "/opt/miniconda3/envs/echem/lib/python3.10/site-packages/nbclient/client.py", line 705, in async_execute
    await self.async_execute_cell(
  File "/opt/miniconda3/envs/echem/lib/python3.10/site-packages/nbclient/client.py", line 1058, in async_execute_cell
    await self._check_raise_for_error(cell, cell_index, exec_reply)
  File "/opt/miniconda3/envs/echem/lib/python3.10/site-packages/nbclient/client.py", line 914, in _check_raise_for_error
    raise CellExecutionError.from_cell_and_msg(cell, exec_reply_content)
nbclient.exceptions.CellExecutionError: An error occurred while executing the following cell:
------------------
lres_drv = vlx.LinearResponseSolver()

B1_ref = lrs_drv.get_prop_grad(
    "electric_dipole", "z", molecule, basis, scf_drv.scf_tensors
)[0]
------------------


[0;31m---------------------------------------------------------------------------[0m
[0;31mNameError[0m                                 Traceback (most recent call last)
Cell [0;32mIn[13], line 3[0m
[1;32m      1[0m lres_drv [38;5;241m=[39m vlx[38;5;241m.[39mLinearResponseSolver()
[0;32m----> 3[0m B1_ref [38;5;241m=[39m [43mlrs_drv[49m[38;5;241m.[39mget_prop_grad(
[1;32m      4[0m     [38;5;124m"[39m[38;5;124melectric_dipole[39m[38;5;124m"[39m, [38;5;124m"[39m[38;5;124mz[39m[38;5;124m"[39m, molecule, basis, scf_drv[38;5;241m.[39mscf_tensors
[1;32m      5[0m )[[38;5;241m0[39m]

[0;31mNameError[0m: name 'lrs_drv' is not defined

