Traceback (most recent call last):
  File "/home/emi/miniconda3/envs/echem/lib/python3.12/site-packages/jupyter_cache/executors/utils.py", line 58, in single_nb_execution
    executenb(
  File "/home/emi/miniconda3/envs/echem/lib/python3.12/site-packages/nbclient/client.py", line 1319, in execute
    return NotebookClient(nb=nb, resources=resources, km=km, **kwargs).execute()
           ^^^^^^^^^^^^^^^^^^^^^^^^^^^^^^^^^^^^^^^^^^^^^^^^^^^^^^^^^^^^^^^^^^^^^
  File "/home/emi/miniconda3/envs/echem/lib/python3.12/site-packages/jupyter_core/utils/__init__.py", line 165, in wrapped
    return loop.run_until_complete(inner)
           ^^^^^^^^^^^^^^^^^^^^^^^^^^^^^^
  File "/home/emi/miniconda3/envs/echem/lib/python3.12/asyncio/base_events.py", line 686, in run_until_complete
    return future.result()
           ^^^^^^^^^^^^^^^
  File "/home/emi/miniconda3/envs/echem/lib/python3.12/site-packages/nbclient/client.py", line 709, in async_execute
    await self.async_execute_cell(
  File "/home/emi/miniconda3/envs/echem/lib/python3.12/site-packages/nbclient/client.py", line 1062, in async_execute_cell
    await self._check_raise_for_error(cell, cell_index, exec_reply)
  File "/home/emi/miniconda3/envs/echem/lib/python3.12/site-packages/nbclient/client.py", line 918, in _check_raise_for_error
    raise CellExecutionError.from_cell_and_msg(cell, exec_reply_content)
nbclient.exceptions.CellExecutionError: An error occurred while executing the following cell:
------------------
# Results computed in CI response and SA-MCSCF
FCI_excitation_energies = [8.44992, 10.68451, 10.97654, 13.37692]
CIS_excitation_energies = [9.38059, 11.30739, 11.83172, 13.90237]
CASCI_excitation_energies = [18.61974291, 18.73087038, 26.61579239, 28.51654574]
SA_CASSCF_excitation_energies = [7.55787583, 9.83566209, 10.32868402, 12.56323891]
au2ev = 27.211386

# Multiconfigurational linear response for CAS(6,5)
MCRPA_6_5_excitation_energies = au2ev * rsp_dict["eigenvalues"][:4]

print("Full CI Energies")
print(FCI_excitation_energies)
print("CIS Energies")
print(CIS_excitation_energies)
print("SA-CASSCF Energies")
print(SA_CASSCF_excitation_energies)
print("CASCI Energies")
print(CASCI_excitation_energies)
print("MC-RPA Energies")
print(MCRPA_6_5_excitation_energies)
------------------


[0;31m---------------------------------------------------------------------------[0m
[0;31mTypeError[0m                                 Traceback (most recent call last)
Cell [0;32mIn[6], line 9[0m
[1;32m      6[0m au2ev [38;5;241m=[39m [38;5;241m27.211386[39m
[1;32m      8[0m [38;5;66;03m# Multiconfigurational linear response for CAS(6,5)[39;00m
[0;32m----> 9[0m MCRPA_6_5_excitation_energies [38;5;241m=[39m au2ev [38;5;241m*[39m [43mrsp_dict[49m[43m[[49m[38;5;124;43m"[39;49m[38;5;124;43meigenvalues[39;49m[38;5;124;43m"[39;49m[43m][49m[:[38;5;241m4[39m]
[1;32m     11[0m [38;5;28mprint[39m([38;5;124m"[39m[38;5;124mFull CI Energies[39m[38;5;124m"[39m)
[1;32m     12[0m [38;5;28mprint[39m(FCI_excitation_energies)

[0;31mTypeError[0m: 'NoneType' object is not subscriptable

