Traceback (most recent call last):
  File "/opt/anaconda3/envs/echem/lib/python3.11/site-packages/jupyter_cache/executors/utils.py", line 58, in single_nb_execution
    executenb(
  File "/opt/anaconda3/envs/echem/lib/python3.11/site-packages/nbclient/client.py", line 1305, in execute
    return NotebookClient(nb=nb, resources=resources, km=km, **kwargs).execute()
           ^^^^^^^^^^^^^^^^^^^^^^^^^^^^^^^^^^^^^^^^^^^^^^^^^^^^^^^^^^^^^^^^^^^^^
  File "/opt/anaconda3/envs/echem/lib/python3.11/site-packages/jupyter_core/utils/__init__.py", line 166, in wrapped
    return loop.run_until_complete(inner)
           ^^^^^^^^^^^^^^^^^^^^^^^^^^^^^^
  File "/opt/anaconda3/envs/echem/lib/python3.11/asyncio/base_events.py", line 653, in run_until_complete
    return future.result()
           ^^^^^^^^^^^^^^^
  File "/opt/anaconda3/envs/echem/lib/python3.11/site-packages/nbclient/client.py", line 705, in async_execute
    await self.async_execute_cell(
  File "/opt/anaconda3/envs/echem/lib/python3.11/site-packages/nbclient/client.py", line 1058, in async_execute_cell
    await self._check_raise_for_error(cell, cell_index, exec_reply)
  File "/opt/anaconda3/envs/echem/lib/python3.11/site-packages/nbclient/client.py", line 914, in _check_raise_for_error
    raise CellExecutionError.from_cell_and_msg(cell, exec_reply_content)
nbclient.exceptions.CellExecutionError: An error occurred while executing the following cell:
------------------
space = mtp.OrbSpace(molecule, scf_drv.mol_orbs)
space.FCI()

ci_drv = mtp.CIDriver()
ci_drv.compute(molecule, basis, space)

ci_energy = ci_drv.getEnergy(0)
------------------


[0;31m---------------------------------------------------------------------------[0m
[0;31mAttributeError[0m                            Traceback (most recent call last)
Cell [0;32mIn[2], line 2[0m
[1;32m      1[0m space [38;5;241m=[39m mtp[38;5;241m.[39mOrbSpace(molecule, scf_drv[38;5;241m.[39mmol_orbs)
[0;32m----> 2[0m [43mspace[49m[38;5;241;43m.[39;49m[43mFCI[49m()
[1;32m      4[0m ci_drv [38;5;241m=[39m mtp[38;5;241m.[39mCIDriver()
[1;32m      5[0m ci_drv[38;5;241m.[39mcompute(molecule, basis, space)

[0;31mAttributeError[0m: 'OrbSpace' object has no attribute 'FCI'

