Traceback (most recent call last):
  File "/home/thomas/Notebook/anaconda/envs/echem/lib/python3.10/site-packages/jupyter_cache/executors/utils.py", line 58, in single_nb_execution
    executenb(
  File "/home/thomas/Notebook/anaconda/envs/echem/lib/python3.10/site-packages/nbclient/client.py", line 1305, in execute
    return NotebookClient(nb=nb, resources=resources, km=km, **kwargs).execute()
  File "/home/thomas/Notebook/anaconda/envs/echem/lib/python3.10/site-packages/jupyter_core/utils/__init__.py", line 166, in wrapped
    return loop.run_until_complete(inner)
  File "/home/thomas/Notebook/anaconda/envs/echem/lib/python3.10/asyncio/base_events.py", line 649, in run_until_complete
    return future.result()
  File "/home/thomas/Notebook/anaconda/envs/echem/lib/python3.10/site-packages/nbclient/client.py", line 705, in async_execute
    await self.async_execute_cell(
  File "/home/thomas/Notebook/anaconda/envs/echem/lib/python3.10/site-packages/nbclient/client.py", line 1058, in async_execute_cell
    await self._check_raise_for_error(cell, cell_index, exec_reply)
  File "/home/thomas/Notebook/anaconda/envs/echem/lib/python3.10/site-packages/nbclient/client.py", line 914, in _check_raise_for_error
    raise CellExecutionError.from_cell_and_msg(cell, exec_reply_content)
nbclient.exceptions.CellExecutionError: An error occurred while executing the following cell:
------------------
grid_drv = vlx.veloxchemlib.GridDriver()
grid_drv.set_level(scf_drv.grid_level)
molgrid = grid_drv.generate(molecule)
molgrid.partition_grid_points()

# grid point weights
w_g = molgrid.w_to_numpy()

# grid point z-coordinates
z_g = molgrid.z_to_numpy()
------------------


[0;31m---------------------------------------------------------------------------[0m
[0;31mTypeError[0m                                 Traceback (most recent call last)
Cell [0;32mIn[5], line 2[0m
[1;32m      1[0m grid_drv [38;5;241m=[39m vlx[38;5;241m.[39mveloxchemlib[38;5;241m.[39mGridDriver()
[0;32m----> 2[0m [43mgrid_drv[49m[38;5;241;43m.[39;49m[43mset_level[49m[43m([49m[43mscf_drv[49m[38;5;241;43m.[39;49m[43mgrid_level[49m[43m)[49m
[1;32m      3[0m molgrid [38;5;241m=[39m grid_drv[38;5;241m.[39mgenerate(molecule)
[1;32m      4[0m molgrid[38;5;241m.[39mpartition_grid_points()

[0;31mTypeError[0m: set_level(): incompatible function arguments. The following argument types are supported:
    1. (self: veloxchem.veloxchemlib.GridDriver, gridLevel: int) -> None

Invoked with: <veloxchem.veloxchemlib.GridDriver object at 0x7f77e7dccbf0>, None

