Traceback (most recent call last):
  File "/home/emi/miniconda3/envs/echem/lib/python3.11/site-packages/jupyter_cache/executors/utils.py", line 58, in single_nb_execution
    executenb(
  File "/home/emi/miniconda3/envs/echem/lib/python3.11/site-packages/nbclient/client.py", line 1305, in execute
    return NotebookClient(nb=nb, resources=resources, km=km, **kwargs).execute()
           ^^^^^^^^^^^^^^^^^^^^^^^^^^^^^^^^^^^^^^^^^^^^^^^^^^^^^^^^^^^^^^^^^^^^^
  File "/home/emi/miniconda3/envs/echem/lib/python3.11/site-packages/jupyter_core/utils/__init__.py", line 165, in wrapped
    return loop.run_until_complete(inner)
           ^^^^^^^^^^^^^^^^^^^^^^^^^^^^^^
  File "/home/emi/miniconda3/envs/echem/lib/python3.11/asyncio/base_events.py", line 653, in run_until_complete
    return future.result()
           ^^^^^^^^^^^^^^^
  File "/home/emi/miniconda3/envs/echem/lib/python3.11/site-packages/nbclient/client.py", line 705, in async_execute
    await self.async_execute_cell(
  File "/home/emi/miniconda3/envs/echem/lib/python3.11/site-packages/nbclient/client.py", line 1058, in async_execute_cell
    await self._check_raise_for_error(cell, cell_index, exec_reply)
  File "/home/emi/miniconda3/envs/echem/lib/python3.11/site-packages/nbclient/client.py", line 914, in _check_raise_for_error
    raise CellExecutionError.from_cell_and_msg(cell, exec_reply_content)
nbclient.exceptions.CellExecutionError: An error occurred while executing the following cell:
------------------
# HF, BLYP and CI calculation of H.
mol_str="""
H 0.0000 0.0000 0.0000
"""

molecule = vlx.Molecule.read_molecule_string(mol_str, units='angstrom')
molecule.set_multiplicity(2)
basis = vlx.MolecularBasis.read(molecule, "cc-pvdz", ostream=None)

scf_drv = vlx.ScfUnrestrictedDriver()
scf_drv.osteam.mute()
scf_results = scf_drv.compute(molecule, basis)
E_H_hf = scf_drv.get_scf_energy()

scf_drv.xcfun = "BLYP"
scf_results = scf_drv.compute(molecule, basis)
E_H_blyp = scf_drv.get_scf_energy()

space = mtp.OrbSpace(molecule,scf_drv.mol_orbs)
space.fci()
CIdrv = mtp.CIDriver()
ci_results = CIdrv.compute(molecule, basis, space)
E_H_FCI = CIdrv.get_energy()

# HF, BLYP and CI calculations of H2 dissociation

mol_template = """
H 0.0000 0.0000 -H2dist
H 0.0000 0.0000  H2dist
"""
scf_drv = vlx.ScfRestrictedDriver()
dft_drv = vlx.ScfRestrictedDriver()
scf_drv.osteam.mute()
dft_drv.osteam.mute()
dft_drv.xcfun = "BLYP"

distlist = [0.5, 0.6, 0.65, 0.7, 0.75, 0.8, 0.9, 1, 1.2, 1.4, 1.5, 1.6,1.7, 2,2.5,3,4]
E_hf = []
E_blyp = []
E_FCI = []

# Scan over O-H distances
for dist in distlist:
    mol_str = mol_template.replace("H2dist", str(dist/2))
    molecule = vlx.Molecule.read_molecule_string(mol_str, units='angstrom')
    basis = vlx.MolecularBasis.read(molecule, "cc-pvdz", ostream=None)
    scf_results = scf_drv.compute(molecule, basis)
    E_hf.append(scf_drv.get_scf_energy() - 2*E_H_hf)
    
    dft_results = dft_drv.compute(molecule, basis)
    E_blyp.append(dft_drv.get_scf_energy() - 2*E_H_blyp)

    space=mtp.OrbSpace(molecule,scf_drv.mol_orbs)
    space.fci()
    ci_results = CIdrv.compute(molecule,basis,space)
    E_FCI.append(CIdrv.get_energy() - 2*E_H_hf)
------------------


[0;31m---------------------------------------------------------------------------[0m
[0;31mAttributeError[0m                            Traceback (most recent call last)
Cell [0;32mIn[2], line 11[0m
[1;32m      8[0m basis [38;5;241m=[39m vlx[38;5;241m.[39mMolecularBasis[38;5;241m.[39mread(molecule, [38;5;124m"[39m[38;5;124mcc-pvdz[39m[38;5;124m"[39m, ostream[38;5;241m=[39m[38;5;28;01mNone[39;00m)
[1;32m     10[0m scf_drv [38;5;241m=[39m vlx[38;5;241m.[39mScfUnrestrictedDriver()
[0;32m---> 11[0m [43mscf_drv[49m[38;5;241;43m.[39;49m[43mosteam[49m[38;5;241m.[39mmute()
[1;32m     12[0m scf_results [38;5;241m=[39m scf_drv[38;5;241m.[39mcompute(molecule, basis)
[1;32m     13[0m E_H_hf [38;5;241m=[39m scf_drv[38;5;241m.[39mget_scf_energy()

[0;31mAttributeError[0m: 'ScfUnrestrictedDriver' object has no attribute 'osteam'

