Traceback (most recent call last):
  File "/opt/anaconda3/envs/echem/lib/python3.11/site-packages/jupyter_cache/executors/utils.py", line 58, in single_nb_execution
    executenb(
  File "/opt/anaconda3/envs/echem/lib/python3.11/site-packages/nbclient/client.py", line 1305, in execute
    return NotebookClient(nb=nb, resources=resources, km=km, **kwargs).execute()
           ^^^^^^^^^^^^^^^^^^^^^^^^^^^^^^^^^^^^^^^^^^^^^^^^^^^^^^^^^^^^^^^^^^^^^
  File "/opt/anaconda3/envs/echem/lib/python3.11/site-packages/jupyter_core/utils/__init__.py", line 166, in wrapped
    return loop.run_until_complete(inner)
           ^^^^^^^^^^^^^^^^^^^^^^^^^^^^^^
  File "/opt/anaconda3/envs/echem/lib/python3.11/asyncio/base_events.py", line 653, in run_until_complete
    return future.result()
           ^^^^^^^^^^^^^^^
  File "/opt/anaconda3/envs/echem/lib/python3.11/site-packages/nbclient/client.py", line 705, in async_execute
    await self.async_execute_cell(
  File "/opt/anaconda3/envs/echem/lib/python3.11/site-packages/nbclient/client.py", line 1058, in async_execute_cell
    await self._check_raise_for_error(cell, cell_index, exec_reply)
  File "/opt/anaconda3/envs/echem/lib/python3.11/site-packages/nbclient/client.py", line 914, in _check_raise_for_error
    raise CellExecutionError.from_cell_and_msg(cell, exec_reply_content)
nbclient.exceptions.CellExecutionError: An error occurred while executing the following cell:
------------------
print(f"       ROHF energy: {triplet_rohf_drv.get_scf_energy() : 14.8f}")
print(f"CASSCF(2,2) energy: {triplet_mcscf_drv.getEnergy() : 14.8f}")
------------------

----- stdout -----
       ROHF energy:  -149.60946112
------------------

[0;31m---------------------------------------------------------------------------[0m
[0;31mAttributeError[0m                            Traceback (most recent call last)
Cell [0;32mIn[10], line 2[0m
[1;32m      1[0m [38;5;28mprint[39m([38;5;124mf[39m[38;5;124m"[39m[38;5;124m       ROHF energy: [39m[38;5;132;01m{[39;00mtriplet_rohf_drv[38;5;241m.[39mget_scf_energy()[38;5;250m [39m[38;5;132;01m:[39;00m[38;5;124m 14.8f[39m[38;5;132;01m}[39;00m[38;5;124m"[39m)
[0;32m----> 2[0m [38;5;28mprint[39m([38;5;124mf[39m[38;5;124m"[39m[38;5;124mCASSCF(2,2) energy: [39m[38;5;132;01m{[39;00m[43mtriplet_mcscf_drv[49m[38;5;241;43m.[39;49m[43mgetEnergy[49m()[38;5;250m [39m[38;5;132;01m:[39;00m[38;5;124m 14.8f[39m[38;5;132;01m}[39;00m[38;5;124m"[39m)

[0;31mAttributeError[0m: 'McscfDriver' object has no attribute 'getEnergy'

