Traceback (most recent call last):
  File "/home/emi/miniconda3/envs/echem/lib/python3.10/site-packages/jupyter_cache/executors/utils.py", line 58, in single_nb_execution
    executenb(
  File "/home/emi/miniconda3/envs/echem/lib/python3.10/site-packages/nbclient/client.py", line 1204, in execute
    return NotebookClient(nb=nb, resources=resources, km=km, **kwargs).execute()
  File "/home/emi/miniconda3/envs/echem/lib/python3.10/site-packages/nbclient/util.py", line 84, in wrapped
    return just_run(coro(*args, **kwargs))
  File "/home/emi/miniconda3/envs/echem/lib/python3.10/site-packages/nbclient/util.py", line 62, in just_run
    return loop.run_until_complete(coro)
  File "/home/emi/miniconda3/envs/echem/lib/python3.10/asyncio/base_events.py", line 649, in run_until_complete
    return future.result()
  File "/home/emi/miniconda3/envs/echem/lib/python3.10/site-packages/nbclient/client.py", line 663, in async_execute
    await self.async_execute_cell(
  File "/home/emi/miniconda3/envs/echem/lib/python3.10/site-packages/nbclient/client.py", line 965, in async_execute_cell
    await self._check_raise_for_error(cell, cell_index, exec_reply)
  File "/home/emi/miniconda3/envs/echem/lib/python3.10/site-packages/nbclient/client.py", line 862, in _check_raise_for_error
    raise CellExecutionError.from_cell_and_msg(cell, exec_reply_content)
nbclient.exceptions.CellExecutionError: An error occurred while executing the following cell:
------------------
# Set up the gradient and optimization dirvers:
ethene_grad_drv = vlx.ScfGradientDriver()
ethene_opt_drv = vlx.OptimizationDriver(ethene_grad_drv)

fluoroethene_grad_drv = vlx.ScfGradientDriver()
fluoroethene_opt_drv = vlx.OptimizationDriver(fluoroethene_grad_drv)

chloroethene_grad_drv = vlx.ScfGradientDriver()
chloroethene_opt_drv = vlx.OptimizationDriver(chloroethene_grad_drv)
------------------

[0;31m---------------------------------------------------------------------------[0m
[0;31mTypeError[0m                                 Traceback (most recent call last)
Cell [0;32mIn[8], line 2[0m
[1;32m      1[0m [38;5;66;03m# Set up the gradient and optimization dirvers:[39;00m
[0;32m----> 2[0m ethene_grad_drv [38;5;241m=[39m [43mvlx[49m[38;5;241;43m.[39;49m[43mScfGradientDriver[49m[43m([49m[43m)[49m
[1;32m      3[0m ethene_opt_drv [38;5;241m=[39m vlx[38;5;241m.[39mOptimizationDriver(ethene_grad_drv)
[1;32m      5[0m fluoroethene_grad_drv [38;5;241m=[39m vlx[38;5;241m.[39mScfGradientDriver()

[0;31mTypeError[0m: ScfGradientDriver.__init__() missing 1 required positional argument: 'scf_drv'
TypeError: ScfGradientDriver.__init__() missing 1 required positional argument: 'scf_drv'

