Traceback (most recent call last):
  File "/home/emi/miniconda3/envs/echem/lib/python3.10/site-packages/jupyter_cache/executors/utils.py", line 58, in single_nb_execution
    executenb(
  File "/home/emi/miniconda3/envs/echem/lib/python3.10/site-packages/nbclient/client.py", line 1204, in execute
    return NotebookClient(nb=nb, resources=resources, km=km, **kwargs).execute()
  File "/home/emi/miniconda3/envs/echem/lib/python3.10/site-packages/nbclient/util.py", line 84, in wrapped
    return just_run(coro(*args, **kwargs))
  File "/home/emi/miniconda3/envs/echem/lib/python3.10/site-packages/nbclient/util.py", line 62, in just_run
    return loop.run_until_complete(coro)
  File "/home/emi/miniconda3/envs/echem/lib/python3.10/asyncio/base_events.py", line 649, in run_until_complete
    return future.result()
  File "/home/emi/miniconda3/envs/echem/lib/python3.10/site-packages/nbclient/client.py", line 663, in async_execute
    await self.async_execute_cell(
  File "/home/emi/miniconda3/envs/echem/lib/python3.10/site-packages/nbclient/client.py", line 965, in async_execute_cell
    await self._check_raise_for_error(cell, cell_index, exec_reply)
  File "/home/emi/miniconda3/envs/echem/lib/python3.10/site-packages/nbclient/client.py", line 862, in _check_raise_for_error
    raise CellExecutionError.from_cell_and_msg(cell, exec_reply_content)
nbclient.exceptions.CellExecutionError: An error occurred while executing the following cell:
------------------
smiles_str = 'CN1C=NC2=C1C(=O)N(C(=O)N2C)C'
caffeine_molecule = vlx.Molecule.read_smiles(smiles_str)
caffeine_xyz = caffeine_molecule.get_xyz_string()
------------------

[0;31m---------------------------------------------------------------------------[0m
[0;31mAttributeError[0m                            Traceback (most recent call last)
Cell [0;32mIn[2], line 2[0m
[1;32m      1[0m smiles_str [38;5;241m=[39m [38;5;124m'[39m[38;5;124mCN1C=NC2=C1C(=O)N(C(=O)N2C)C[39m[38;5;124m'[39m
[0;32m----> 2[0m caffeine_molecule [38;5;241m=[39m [43mvlx[49m[38;5;241;43m.[39;49m[43mMolecule[49m[38;5;241;43m.[39;49m[43mread_smiles[49m(smiles_str)
[1;32m      3[0m caffeine_xyz [38;5;241m=[39m caffeine_molecule[38;5;241m.[39mget_xyz_string()

[0;31mAttributeError[0m: type object 'veloxchem.veloxchemlib.Molecule' has no attribute 'read_smiles'
AttributeError: type object 'veloxchem.veloxchemlib.Molecule' has no attribute 'read_smiles'

