Traceback (most recent call last):
  File "/home/thomas/Notebook/anaconda/envs/echem/lib/python3.10/site-packages/jupyter_cache/executors/utils.py", line 58, in single_nb_execution
    executenb(
  File "/home/thomas/Notebook/anaconda/envs/echem/lib/python3.10/site-packages/nbclient/client.py", line 1305, in execute
    return NotebookClient(nb=nb, resources=resources, km=km, **kwargs).execute()
  File "/home/thomas/Notebook/anaconda/envs/echem/lib/python3.10/site-packages/jupyter_core/utils/__init__.py", line 166, in wrapped
    return loop.run_until_complete(inner)
  File "/home/thomas/Notebook/anaconda/envs/echem/lib/python3.10/asyncio/base_events.py", line 649, in run_until_complete
    return future.result()
  File "/home/thomas/Notebook/anaconda/envs/echem/lib/python3.10/site-packages/nbclient/client.py", line 705, in async_execute
    await self.async_execute_cell(
  File "/home/thomas/Notebook/anaconda/envs/echem/lib/python3.10/site-packages/nbclient/client.py", line 1058, in async_execute_cell
    await self._check_raise_for_error(cell, cell_index, exec_reply)
  File "/home/thomas/Notebook/anaconda/envs/echem/lib/python3.10/site-packages/nbclient/client.py", line 914, in _check_raise_for_error
    raise CellExecutionError.from_cell_and_msg(cell, exec_reply_content)
nbclient.exceptions.CellExecutionError: An error occurred while executing the following cell:
------------------
def xTX_opt(xyz_uff):
    molecule = vlx.Molecule.from_xyz_string(xyz_uff)
    xtb_drv = vlx.XtbDriver()
    method_settings = {'xtb':'gfn2'}
    xtb_drv.set_method(method_settings['xtb'].lower())
    xtb_grad_drv = vlx.XtbGradientDriver(xtb_drv)
    xtb_opt_drv = vlx.OptimizationDriver(xtb_grad_drv)
    xtb_opt = xtb_opt_drv.compute(molecule)
    return xtb_opt

ch4_xtb = xTX_opt(ch4_uff)
h2o_xtb = xTX_opt(h2o_uff)
co2_xtb = xTX_opt(co2_uff)
o2_xtb = xTX_opt(o2_uff)
------------------


[0;31m---------------------------------------------------------------------------[0m
[0;31mAttributeError[0m                            Traceback (most recent call last)
Cell [0;32mIn[3], line 11[0m
[1;32m      8[0m     xtb_opt [38;5;241m=[39m xtb_opt_drv[38;5;241m.[39mcompute(molecule)
[1;32m      9[0m     [38;5;28;01mreturn[39;00m xtb_opt
[0;32m---> 11[0m ch4_xtb [38;5;241m=[39m [43mxTX_opt[49m[43m([49m[43mch4_uff[49m[43m)[49m
[1;32m     12[0m h2o_xtb [38;5;241m=[39m xTX_opt(h2o_uff)
[1;32m     13[0m co2_xtb [38;5;241m=[39m xTX_opt(co2_uff)

Cell [0;32mIn[3], line 6[0m, in [0;36mxTX_opt[0;34m(xyz_uff)[0m
[1;32m      4[0m method_settings [38;5;241m=[39m {[38;5;124m'[39m[38;5;124mxtb[39m[38;5;124m'[39m:[38;5;124m'[39m[38;5;124mgfn2[39m[38;5;124m'[39m}
[1;32m      5[0m xtb_drv[38;5;241m.[39mset_method(method_settings[[38;5;124m'[39m[38;5;124mxtb[39m[38;5;124m'[39m][38;5;241m.[39mlower())
[0;32m----> 6[0m xtb_grad_drv [38;5;241m=[39m [43mvlx[49m[38;5;241;43m.[39;49m[43mXtbGradientDriver[49m[43m([49m[43mxtb_drv[49m[43m)[49m
[1;32m      7[0m xtb_opt_drv [38;5;241m=[39m vlx[38;5;241m.[39mOptimizationDriver(xtb_grad_drv)
[1;32m      8[0m xtb_opt [38;5;241m=[39m xtb_opt_drv[38;5;241m.[39mcompute(molecule)

File [0;32m~/Notebook/anaconda/envs/echem/lib/python3.10/site-packages/veloxchem/xtbgradientdriver.py:48[0m, in [0;36mXtbGradientDriver.__init__[0;34m(self, comm, ostream)[0m
[1;32m     43[0m [38;5;28;01mdef[39;00m [38;5;21m__init__[39m([38;5;28mself[39m, comm[38;5;241m=[39m[38;5;28;01mNone[39;00m, ostream[38;5;241m=[39m[38;5;28;01mNone[39;00m):
[1;32m     44[0m [38;5;250m    [39m[38;5;124;03m"""[39;00m
[1;32m     45[0m [38;5;124;03m    Initializes XTB gradient driver.[39;00m
[1;32m     46[0m [38;5;124;03m    """[39;00m
[0;32m---> 48[0m     [38;5;28;43msuper[39;49m[43m([49m[43m)[49m[38;5;241;43m.[39;49m[38;5;21;43m__init__[39;49m[43m([49m[43mcomm[49m[43m,[49m[43m [49m[43mostream[49m[43m)[49m
[1;32m     50[0m     [38;5;28mself[39m[38;5;241m.[39mflag [38;5;241m=[39m [38;5;124m'[39m[38;5;124mXTB Gradient Driver[39m[38;5;124m'[39m

File [0;32m~/Notebook/anaconda/envs/echem/lib/python3.10/site-packages/veloxchem/gradientdriver.py:68[0m, in [0;36mGradientDriver.__init__[0;34m(self, comm, ostream)[0m
[1;32m     65[0m     comm [38;5;241m=[39m MPI[38;5;241m.[39mCOMM_WORLD
[1;32m     67[0m [38;5;28;01mif[39;00m ostream [38;5;129;01mis[39;00m [38;5;28;01mNone[39;00m:
[0;32m---> 68[0m     [38;5;28;01mif[39;00m [43mcomm[49m[38;5;241;43m.[39;49m[43mGet_rank[49m() [38;5;241m==[39m mpi_master():
[1;32m     69[0m         ostream [38;5;241m=[39m OutputStream(sys[38;5;241m.[39mstdout)
[1;32m     70[0m     [38;5;28;01melse[39;00m:

[0;31mAttributeError[0m: 'veloxchem.veloxchemlib.XtbDriver' object has no attribute 'Get_rank'

