Traceback (most recent call last):
  File "/opt/miniconda3/envs/echem/lib/python3.10/site-packages/jupyter_cache/executors/utils.py", line 58, in single_nb_execution
    executenb(
  File "/opt/miniconda3/envs/echem/lib/python3.10/site-packages/nbclient/client.py", line 1305, in execute
    return NotebookClient(nb=nb, resources=resources, km=km, **kwargs).execute()
  File "/opt/miniconda3/envs/echem/lib/python3.10/site-packages/jupyter_core/utils/__init__.py", line 165, in wrapped
    return loop.run_until_complete(inner)
  File "/opt/miniconda3/envs/echem/lib/python3.10/asyncio/base_events.py", line 649, in run_until_complete
    return future.result()
  File "/opt/miniconda3/envs/echem/lib/python3.10/site-packages/nbclient/client.py", line 705, in async_execute
    await self.async_execute_cell(
  File "/opt/miniconda3/envs/echem/lib/python3.10/site-packages/nbclient/client.py", line 1058, in async_execute_cell
    await self._check_raise_for_error(cell, cell_index, exec_reply)
  File "/opt/miniconda3/envs/echem/lib/python3.10/site-packages/nbclient/client.py", line 914, in _check_raise_for_error
    raise CellExecutionError.from_cell_and_msg(cell, exec_reply_content)
nbclient.exceptions.CellExecutionError: An error occurred while executing the following cell:
------------------
xtb_drv = vlx.XtbDriver()
xtb_drv.set_method('gfn2')
xtb_grad_drv = vlx.XtbGradientDriver()
xtb_opt_drv = vlx.OptimizationDriver(xtb_grad_drv)
methanol_xtb = xtb_opt_drv.compute(methanol_ff, xtb_drv)
------------------


[0;31m---------------------------------------------------------------------------[0m
[0;31mTypeError[0m                                 Traceback (most recent call last)
Cell [0;32mIn[3], line 3[0m
[1;32m      1[0m xtb_drv [38;5;241m=[39m vlx[38;5;241m.[39mXtbDriver()
[1;32m      2[0m xtb_drv[38;5;241m.[39mset_method([38;5;124m'[39m[38;5;124mgfn2[39m[38;5;124m'[39m)
[0;32m----> 3[0m xtb_grad_drv [38;5;241m=[39m [43mvlx[49m[38;5;241;43m.[39;49m[43mXtbGradientDriver[49m[43m([49m[43m)[49m
[1;32m      4[0m xtb_opt_drv [38;5;241m=[39m vlx[38;5;241m.[39mOptimizationDriver(xtb_grad_drv)
[1;32m      5[0m methanol_xtb [38;5;241m=[39m xtb_opt_drv[38;5;241m.[39mcompute(methanol_ff, xtb_drv)

[0;31mTypeError[0m: XtbGradientDriver.__init__() missing 1 required positional argument: 'xtb_drv'

