Traceback (most recent call last):
  File "/home/thomas/Notebook/anaconda/lib/python3.7/site-packages/jupyter_cache/executors/utils.py", line 56, in single_nb_execution
    record_timing=False,
  File "/home/thomas/Notebook/anaconda/lib/python3.7/site-packages/nbclient/client.py", line 1204, in execute
    return NotebookClient(nb=nb, resources=resources, km=km, **kwargs).execute()
  File "/home/thomas/Notebook/anaconda/lib/python3.7/site-packages/nbclient/util.py", line 84, in wrapped
    return just_run(coro(*args, **kwargs))
  File "/home/thomas/Notebook/anaconda/lib/python3.7/site-packages/nbclient/util.py", line 62, in just_run
    return loop.run_until_complete(coro)
  File "/home/thomas/Notebook/anaconda/lib/python3.7/asyncio/base_events.py", line 587, in run_until_complete
    return future.result()
  File "/home/thomas/Notebook/anaconda/lib/python3.7/site-packages/nbclient/client.py", line 664, in async_execute
    cell, index, execution_count=self.code_cells_executed + 1
  File "/home/thomas/Notebook/anaconda/lib/python3.7/site-packages/nbclient/client.py", line 965, in async_execute_cell
    await self._check_raise_for_error(cell, cell_index, exec_reply)
  File "/home/thomas/Notebook/anaconda/lib/python3.7/site-packages/nbclient/client.py", line 862, in _check_raise_for_error
    raise CellExecutionError.from_cell_and_msg(cell, exec_reply_content)
nbclient.exceptions.CellExecutionError: An error occurred while executing the following cell:
------------------
import veloxchem as vlx
import gator
import py3Dmol as p3d
import numpy as np
from veloxchem.mointsdriver import MOIntegralsDriver

np.set_printoptions(precision=5, suppress=True)
# Conversion from Hartree to eV for later use
au2ev = vlx.veloxchemlib.hartree_in_ev()
print(au2ev)

lih_xyz="""2

Li  0.000000   0.000000   0.000000
H   0.000000   0.000000   1.000000
"""
lih = vlx.Molecule.from_xyz_string(lih_xyz)

# Method and basis set
method = 'adc1'
basis_set_label = "sto-3g"
basis = vlx.MolecularBasis.read(lih, basis_set_label)
------------------

[0;31m---------------------------------------------------------------------------[0m
[0;31mAttributeError[0m                            Traceback (most recent call last)
[0;32m/tmp/ipykernel_12749/1048694518.py[0m in [0;36m<module>[0;34m[0m
[1;32m     15[0m [0mH[0m   [0;36m0.000000[0m   [0;36m0.000000[0m   [0;36m1.000000[0m[0;34m[0m[0;34m[0m[0m
[1;32m     16[0m """
[0;32m---> 17[0;31m [0mlih[0m [0;34m=[0m [0mvlx[0m[0;34m.[0m[0mMolecule[0m[0;34m.[0m[0mfrom_xyz_string[0m[0;34m([0m[0mlih_xyz[0m[0;34m)[0m[0;34m[0m[0;34m[0m[0m
[0m[1;32m     18[0m [0;34m[0m[0m
[1;32m     19[0m [0;31m# Method and basis set[0m[0;34m[0m[0;34m[0m[0;34m[0m[0m

[0;31mAttributeError[0m: type object 'veloxchem.veloxchemlib.Molecule' has no attribute 'from_xyz_string'
AttributeError: type object 'veloxchem.veloxchemlib.Molecule' has no attribute 'from_xyz_string'

