Traceback (most recent call last):
  File "/home/thomas/Notebook/anaconda/envs/echem/lib/python3.10/site-packages/jupyter_cache/executors/utils.py", line 51, in single_nb_execution
    executenb(
  File "/home/thomas/Notebook/anaconda/envs/echem/lib/python3.10/site-packages/nbclient/client.py", line 1204, in execute
    return NotebookClient(nb=nb, resources=resources, km=km, **kwargs).execute()
  File "/home/thomas/Notebook/anaconda/envs/echem/lib/python3.10/site-packages/nbclient/util.py", line 84, in wrapped
    return just_run(coro(*args, **kwargs))
  File "/home/thomas/Notebook/anaconda/envs/echem/lib/python3.10/site-packages/nbclient/util.py", line 62, in just_run
    return loop.run_until_complete(coro)
  File "/home/thomas/Notebook/anaconda/envs/echem/lib/python3.10/asyncio/base_events.py", line 646, in run_until_complete
    return future.result()
  File "/home/thomas/Notebook/anaconda/envs/echem/lib/python3.10/site-packages/nbclient/client.py", line 663, in async_execute
    await self.async_execute_cell(
  File "/home/thomas/Notebook/anaconda/envs/echem/lib/python3.10/site-packages/nbclient/client.py", line 965, in async_execute_cell
    await self._check_raise_for_error(cell, cell_index, exec_reply)
  File "/home/thomas/Notebook/anaconda/envs/echem/lib/python3.10/site-packages/nbclient/client.py", line 862, in _check_raise_for_error
    raise CellExecutionError.from_cell_and_msg(cell, exec_reply_content)
nbclient.exceptions.CellExecutionError: An error occurred while executing the following cell:
------------------
# SCF will be run by VeloxChem through Gator
scf_lih = gator.run_scf(lih, basis_lih, conv_thresh=1e-10, verbose=False)
scf_h2o = gator.run_scf(h2o, basis_h2o, conv_thresh=1e-10, verbose=False)
e_scf_lih = scf_lih.get_scf_energy()
e_scf_h2o = scf_h2o.get_scf_energy()
------------------

[0;31m---------------------------------------------------------------------------[0m
[0;31mAttributeError[0m                            Traceback (most recent call last)
Cell [0;32mIn [3], line 2[0m
[1;32m      1[0m [38;5;66;03m# SCF will be run by VeloxChem through Gator[39;00m
[0;32m----> 2[0m scf_lih [38;5;241m=[39m [43mgator[49m[38;5;241;43m.[39;49m[43mrun_scf[49m[43m([49m[43mlih[49m[43m,[49m[43m [49m[43mbasis_lih[49m[43m,[49m[43m [49m[43mconv_thresh[49m[38;5;241;43m=[39;49m[38;5;241;43m1e-10[39;49m[43m,[49m[43m [49m[43mverbose[49m[38;5;241;43m=[39;49m[38;5;28;43;01mFalse[39;49;00m[43m)[49m
[1;32m      3[0m scf_h2o [38;5;241m=[39m gator[38;5;241m.[39mrun_scf(h2o, basis_h2o, conv_thresh[38;5;241m=[39m[38;5;241m1e-10[39m, verbose[38;5;241m=[39m[38;5;28;01mFalse[39;00m)
[1;32m      4[0m e_scf_lih [38;5;241m=[39m scf_lih[38;5;241m.[39mget_scf_energy()

File [0;32m~/Notebook/anaconda/envs/echem/lib/python3.10/site-packages/gator/gatorutils.py:123[0m, in [0;36mrun_scf[0;34m(mol, basis, **kwargs)[0m
[1;32m    121[0m [38;5;28;01melse[39;00m:
[1;32m    122[0m     valstr [38;5;241m+[39m[38;5;241m=[39m [38;5;124m'[39m[38;5;124mNOT converged in [39m[38;5;124m'[39m
[0;32m--> 123[0m valstr [38;5;241m+[39m[38;5;241m=[39m [38;5;124m'[39m[38;5;132;01m{:d}[39;00m[38;5;124m iterations.[39m[38;5;124m'[39m[38;5;241m.[39mformat([43mscf_drv[49m[38;5;241;43m.[39;49m[43mnum_iter[49m)
[1;32m    124[0m [38;5;28mprint[39m(valstr, file[38;5;241m=[39msys[38;5;241m.[39mstdout)
[1;32m    125[0m [38;5;28;01mif[39;00m scf_drv[38;5;241m.[39mis_converged:

[0;31mAttributeError[0m: 'ScfRestrictedDriver' object has no attribute 'num_iter'
AttributeError: 'ScfRestrictedDriver' object has no attribute 'num_iter'

