Traceback (most recent call last):
  File "/opt/anaconda3/envs/echem/lib/python3.7/site-packages/jupyter_cache/executors/utils.py", line 56, in single_nb_execution
    record_timing=False,
  File "/opt/anaconda3/envs/echem/lib/python3.7/site-packages/nbclient/client.py", line 1117, in execute
    return NotebookClient(nb=nb, resources=resources, km=km, **kwargs).execute()
  File "/opt/anaconda3/envs/echem/lib/python3.7/site-packages/nbclient/util.py", line 78, in wrapped
    return just_run(coro(*args, **kwargs))
  File "/opt/anaconda3/envs/echem/lib/python3.7/site-packages/nbclient/util.py", line 57, in just_run
    return loop.run_until_complete(coro)
  File "/opt/anaconda3/envs/echem/lib/python3.7/asyncio/base_events.py", line 587, in run_until_complete
    return future.result()
  File "/opt/anaconda3/envs/echem/lib/python3.7/site-packages/nbclient/client.py", line 559, in async_execute
    cell, index, execution_count=self.code_cells_executed + 1
  File "/opt/anaconda3/envs/echem/lib/python3.7/site-packages/nbclient/client.py", line 862, in async_execute_cell
    self._check_raise_for_error(cell, exec_reply)
  File "/opt/anaconda3/envs/echem/lib/python3.7/site-packages/nbclient/client.py", line 765, in _check_raise_for_error
    raise CellExecutionError.from_cell_and_msg(cell, exec_reply_content)
nbclient.exceptions.CellExecutionError: An error occurred while executing the following cell:
------------------
import veloxchem as vlx
------------------

[0;31m---------------------------------------------------------------------------[0m
[0;31mImportError[0m                               Traceback (most recent call last)
[0;32m/var/folders/yn/sjrk11nj0zs5nb8wzbytm0j00000gn/T/ipykernel_77314/2316059898.py[0m in [0;36m<module>[0;34m[0m
[0;32m----> 1[0;31m [0;32mimport[0m [0mveloxchem[0m [0;32mas[0m [0mvlx[0m[0;34m[0m[0;34m[0m[0m
[0m
[0;32m/opt/anaconda3/envs/echem/lib/python3.7/site-packages/veloxchem/__init__.py[0m in [0;36m<module>[0;34m[0m
[1;32m     25[0m [0;34m[0m[0m
[1;32m     26[0m [0;31m# C++ classes[0m[0;34m[0m[0;34m[0m[0;34m[0m[0m
[0;32m---> 27[0;31m [0;32mfrom[0m [0;34m.[0m[0mveloxchemlib[0m [0;32mimport[0m [0mAtomBasis[0m[0;34m[0m[0;34m[0m[0m
[0m[1;32m     28[0m [0;32mfrom[0m [0;34m.[0m[0mveloxchemlib[0m [0;32mimport[0m [0mBasisFunction[0m[0;34m[0m[0;34m[0m[0m
[1;32m     29[0m [0;32mfrom[0m [0;34m.[0m[0mveloxchemlib[0m [0;32mimport[0m [0mOverlapIntegralsDriver[0m[0;34m[0m[0;34m[0m[0m

[0;31mImportError[0m: KeyboardInterrupt: 

At:
  <frozen importlib._bootstrap>(978): _find_and_load
  <frozen importlib._bootstrap>(219): _call_with_frames_removed
  <frozen importlib._bootstrap_external>(1043): create_module
  <frozen importlib._bootstrap>(583): module_from_spec
  <frozen importlib._bootstrap>(670): _load_unlocked
  <frozen importlib._bootstrap>(967): _find_and_load_unlocked
  <frozen importlib._bootstrap>(983): _find_and_load
  /opt/anaconda3/envs/echem/lib/python3.7/site-packages/veloxchem/__init__.py(27): <module>
  <frozen importlib._bootstrap>(219): _call_with_frames_removed
  <frozen importlib._bootstrap_external>(728): exec_module
  <frozen importlib._bootstrap>(677): _load_unlocked
  <frozen importlib._bootstrap>(967): _find_and_load_unlocked
  <frozen importlib._bootstrap>(983): _find_and_load
  /var/folders/yn/sjrk11nj0zs5nb8wzbytm0j00000gn/T/ipykernel_77314/2316059898.py(1): <module>
  /opt/anaconda3/envs/echem/lib/python3.7/site-packages/IPython/core/interactiveshell.py(3441): run_code
  /opt/anaconda3/envs/echem/lib/python3.7/site-packages/IPython/core/interactiveshell.py(3361): run_ast_nodes
  /opt/anaconda3/envs/echem/lib/python3.7/site-packages/IPython/core/interactiveshell.py(3170): run_cell_async
  /opt/anaconda3/envs/echem/lib/python3.7/site-packages/IPython/core/async_helpers.py(68): _pseudo_sync_runner
  /opt/anaconda3/envs/echem/lib/python3.7/site-packages/IPython/core/interactiveshell.py(2944): _run_cell
  /opt/anaconda3/envs/echem/lib/python3.7/site-packages/IPython/core/interactiveshell.py(2899): run_cell
  /opt/anaconda3/envs/echem/lib/python3.7/site-packages/ipykernel/zmqshell.py(533): run_cell
  /opt/anaconda3/envs/echem/lib/python3.7/site-packages/ipykernel/ipkernel.py(353): do_execute
  /opt/anaconda3/envs/echem/lib/python3.7/site-packages/ipykernel/kernelbase.py(648): execute_request
  /opt/anaconda3/envs/echem/lib/python3.7/site-packages/ipykernel/kernelbase.py(353): dispatch_shell
  /opt/anaconda3/envs/echem/lib/python3.7/site-packages/ipykernel/kernelbase.py(446): process_one
  /opt/anaconda3/envs/echem/lib/python3.7/site-packages/ipykernel/kernelbase.py(457): dispatch_queue
  /opt/anaconda3/envs/echem/lib/python3.7/asyncio/events.py(88): _run
  /opt/anaconda3/envs/echem/lib/python3.7/asyncio/base_events.py(1786): _run_once
  /opt/anaconda3/envs/echem/lib/python3.7/asyncio/base_events.py(541): run_forever
  /opt/anaconda3/envs/echem/lib/python3.7/site-packages/tornado/platform/asyncio.py(199): start
  /opt/anaconda3/envs/echem/lib/python3.7/site-packages/ipykernel/kernelapp.py(677): start
  /opt/anaconda3/envs/echem/lib/python3.7/site-packages/traitlets/config/application.py(846): launch_instance
  /opt/anaconda3/envs/echem/lib/python3.7/site-packages/ipykernel_launcher.py(16): <module>
  /opt/anaconda3/envs/echem/lib/python3.7/runpy.py(85): _run_code
  /opt/anaconda3/envs/echem/lib/python3.7/runpy.py(193): _run_module_as_main

ImportError: KeyboardInterrupt: 

At:
  <frozen importlib._bootstrap>(978): _find_and_load
  <frozen importlib._bootstrap>(219): _call_with_frames_removed
  <frozen importlib._bootstrap_external>(1043): create_module
  <frozen importlib._bootstrap>(583): module_from_spec
  <frozen importlib._bootstrap>(670): _load_unlocked
  <frozen importlib._bootstrap>(967): _find_and_load_unlocked
  <frozen importlib._bootstrap>(983): _find_and_load
  /opt/anaconda3/envs/echem/lib/python3.7/site-packages/veloxchem/__init__.py(27): <module>
  <frozen importlib._bootstrap>(219): _call_with_frames_removed
  <frozen importlib._bootstrap_external>(728): exec_module
  <frozen importlib._bootstrap>(677): _load_unlocked
  <frozen importlib._bootstrap>(967): _find_and_load_unlocked
  <frozen importlib._bootstrap>(983): _find_and_load
  /var/folders/yn/sjrk11nj0zs5nb8wzbytm0j00000gn/T/ipykernel_77314/2316059898.py(1): <module>
  /opt/anaconda3/envs/echem/lib/python3.7/site-packages/IPython/core/interactiveshell.py(3441): run_code
  /opt/anaconda3/envs/echem/lib/python3.7/site-packages/IPython/core/interactiveshell.py(3361): run_ast_nodes
  /opt/anaconda3/envs/echem/lib/python3.7/site-packages/IPython/core/interactiveshell.py(3170): run_cell_async
  /opt/anaconda3/envs/echem/lib/python3.7/site-packages/IPython/core/async_helpers.py(68): _pseudo_sync_runner
  /opt/anaconda3/envs/echem/lib/python3.7/site-packages/IPython/core/interactiveshell.py(2944): _run_cell
  /opt/anaconda3/envs/echem/lib/python3.7/site-packages/IPython/core/interactiveshell.py(2899): run_cell
  /opt/anaconda3/envs/echem/lib/python3.7/site-packages/ipykernel/zmqshell.py(533): run_cell
  /opt/anaconda3/envs/echem/lib/python3.7/site-packages/ipykernel/ipkernel.py(353): do_execute
  /opt/anaconda3/envs/echem/lib/python3.7/site-packages/ipykernel/kernelbase.py(648): execute_request
  /opt/anaconda3/envs/echem/lib/python3.7/site-packages/ipykernel/kernelbase.py(353): dispatch_shell
  /opt/anaconda3/envs/echem/lib/python3.7/site-packages/ipykernel/kernelbase.py(446): process_one
  /opt/anaconda3/envs/echem/lib/python3.7/site-packages/ipykernel/kernelbase.py(457): dispatch_queue
  /opt/anaconda3/envs/echem/lib/python3.7/asyncio/events.py(88): _run
  /opt/anaconda3/envs/echem/lib/python3.7/asyncio/base_events.py(1786): _run_once
  /opt/anaconda3/envs/echem/lib/python3.7/asyncio/base_events.py(541): run_forever
  /opt/anaconda3/envs/echem/lib/python3.7/site-packages/tornado/platform/asyncio.py(199): start
  /opt/anaconda3/envs/echem/lib/python3.7/site-packages/ipykernel/kernelapp.py(677): start
  /opt/anaconda3/envs/echem/lib/python3.7/site-packages/traitlets/config/application.py(846): launch_instance
  /opt/anaconda3/envs/echem/lib/python3.7/site-packages/ipykernel_launcher.py(16): <module>
  /opt/anaconda3/envs/echem/lib/python3.7/runpy.py(85): _run_code
  /opt/anaconda3/envs/echem/lib/python3.7/runpy.py(193): _run_module_as_main


