Traceback (most recent call last):
  File "/home/thomas/Notebook/anaconda/envs/echem/lib/python3.9/site-packages/jupyter_cache/executors/utils.py", line 51, in single_nb_execution
    executenb(
  File "/home/thomas/Notebook/anaconda/envs/echem/lib/python3.9/site-packages/nbclient/client.py", line 1204, in execute
    return NotebookClient(nb=nb, resources=resources, km=km, **kwargs).execute()
  File "/home/thomas/Notebook/anaconda/envs/echem/lib/python3.9/site-packages/nbclient/util.py", line 84, in wrapped
    return just_run(coro(*args, **kwargs))
  File "/home/thomas/Notebook/anaconda/envs/echem/lib/python3.9/site-packages/nbclient/util.py", line 62, in just_run
    return loop.run_until_complete(coro)
  File "/home/thomas/Notebook/anaconda/envs/echem/lib/python3.9/asyncio/base_events.py", line 647, in run_until_complete
    return future.result()
  File "/home/thomas/Notebook/anaconda/envs/echem/lib/python3.9/site-packages/nbclient/client.py", line 663, in async_execute
    await self.async_execute_cell(
  File "/home/thomas/Notebook/anaconda/envs/echem/lib/python3.9/site-packages/nbclient/client.py", line 965, in async_execute_cell
    await self._check_raise_for_error(cell, cell_index, exec_reply)
  File "/home/thomas/Notebook/anaconda/envs/echem/lib/python3.9/site-packages/nbclient/client.py", line 862, in _check_raise_for_error
    raise CellExecutionError.from_cell_and_msg(cell, exec_reply_content)
nbclient.exceptions.CellExecutionError: An error occurred while executing the following cell:
------------------
ref_bond_l = np.array([0.8, 0.81551724, 0.83103448, 0.84655172, 0.86206897, 0.87758621, 0.89310345, 0.90862069, 0.92413793, 0.93965517, 0.95517241, 0.97068966, 0.9862069 , 1.00172414, 1.01724138, 1.03275862, 1.04827586, 1.0637931, 1.07931034, 1.09482759, 1.11034483, 1.12586207, 1.14137931, 1.15689655, 1.17241379, 1.18793103, 1.20344828, 1.21896552, 1.23448276, 1.25      ])
ref_bond_e = np.array([-76.42109471002216, -76.42916426170174, -76.43599149933469, -76.44170130559088, -76.44640631226838, -76.45020824046648, -76.45319708421196, -76.45545177839954, -76.45704373518245, -76.45803844655762, -76.45849563687588, -76.45847024797392, -76.4580129527744, -76.45716953509049, -76.45598175481791, -76.45448692687691, -76.45271808971947, -76.4507047989308, -76.44847400921817, -76.4460499239478, -76.44345499179957, -76.440710471003, -76.43783566572576, -76.43484803994048, -76.4317635755497, -76.4285967457864, -76.42536032856904, -76.42206555091289, -76.41872248782467, -76.4153397871249])
ref_angle_a = np.array([ 75.0, 77.4137931 ,  79.82758621,  82.24137931,  84.65517241,  87.06896552,  89.48275862,  91.89655172,  94.31034483,  96.72413793,  99.13793103, 101.55172414, 103.96551724, 106.37931034, 108.79310345, 111.20689655, 113.62068966, 116.03448276, 118.44827586, 120.86206897, 123.27586207, 125.68965517, 128.10344828, 130.51724138, 132.93103448, 135.34482759, 137.75862069, 140.17241379, 142.5862069 , 145.        ])
ref_angle_e = np.array([-76.43422821765269, -76.43819713542415, -76.44178501890265, -76.44499875665923, -76.44784507154459, -76.4503315980731, -76.45246747638183, -76.45426278341616, -76.4557280486263, -76.4568741052718, -76.45771238396455, -76.45825476307509, -76.4585135702089, -76.4585011983501, -76.45822985999969, -76.45771164014876, -76.45695936996755, -76.45598692258213, -76.45480904479051, -76.45344088650619, -76.45189785110466, -76.4501961083386, -76.4483526823314, -76.4463851847924, -76.44431297778965, -76.44215721698187, -76.43993947269621, -76.43768124799685, -76.43540377181074, -76.43312863807513])

# Reference energy at minima and convert energy to kcal/mol
ref_bond_e = 627.5 * ( ref_bond_e - min(ref_bond_e))
ref_angle_e = 627.5 * ( ref_angle_e - min(ref_angle_e))

plt.figure(figsize=(9,3))
plt.subplot(121); plt.title('Bond length')
plt.plot(ref_bond_l, ref_bond_e)
plt.xlabel('Bond length [Å]')
plt.ylabel(r'Energy [kcal/mol/Å$^2$)')
plt.subplot(122); plt.title('Angle')
plt.xlabel('Angle')
plt.ylabel('Energy [kcal/mol')
plt.plot(ref_angle_a, ref_angle_e)
plt.show()
------------------

[0;31m---------------------------------------------------------------------------[0m
[0;31mNameError[0m                                 Traceback (most recent call last)
Cell [0;32mIn [1], line 1[0m
[0;32m----> 1[0m ref_bond_l [38;5;241m=[39m [43mnp[49m[38;5;241m.[39marray([[38;5;241m0.8[39m, [38;5;241m0.81551724[39m, [38;5;241m0.83103448[39m, [38;5;241m0.84655172[39m, [38;5;241m0.86206897[39m, [38;5;241m0.87758621[39m, [38;5;241m0.89310345[39m, [38;5;241m0.90862069[39m, [38;5;241m0.92413793[39m, [38;5;241m0.93965517[39m, [38;5;241m0.95517241[39m, [38;5;241m0.97068966[39m, [38;5;241m0.9862069[39m , [38;5;241m1.00172414[39m, [38;5;241m1.01724138[39m, [38;5;241m1.03275862[39m, [38;5;241m1.04827586[39m, [38;5;241m1.0637931[39m, [38;5;241m1.07931034[39m, [38;5;241m1.09482759[39m, [38;5;241m1.11034483[39m, [38;5;241m1.12586207[39m, [38;5;241m1.14137931[39m, [38;5;241m1.15689655[39m, [38;5;241m1.17241379[39m, [38;5;241m1.18793103[39m, [38;5;241m1.20344828[39m, [38;5;241m1.21896552[39m, [38;5;241m1.23448276[39m, [38;5;241m1.25[39m      ])
[1;32m      2[0m ref_bond_e [38;5;241m=[39m np[38;5;241m.[39marray([[38;5;241m-[39m[38;5;241m76.42109471002216[39m, [38;5;241m-[39m[38;5;241m76.42916426170174[39m, [38;5;241m-[39m[38;5;241m76.43599149933469[39m, [38;5;241m-[39m[38;5;241m76.44170130559088[39m, [38;5;241m-[39m[38;5;241m76.44640631226838[39m, [38;5;241m-[39m[38;5;241m76.45020824046648[39m, [38;5;241m-[39m[38;5;241m76.45319708421196[39m, [38;5;241m-[39m[38;5;241m76.45545177839954[39m, [38;5;241m-[39m[38;5;241m76.45704373518245[39m, [38;5;241m-[39m[38;5;241m76.45803844655762[39m, [38;5;241m-[39m[38;5;241m76.45849563687588[39m, [38;5;241m-[39m[38;5;241m76.45847024797392[39m, [38;5;241m-[39m[38;5;241m76.4580129527744[39m, [38;5;241m-[39m[38;5;241m76.45716953509049[39m, [38;5;241m-[39m[38;5;241m76.45598175481791[39m, [38;5;241m-[39m[38;5;241m76.45448692687691[39m, [38;5;241m-[39m[38;5;241m76.45271808971947[39m, [38;5;241m-[39m[38;5;241m76.4507047989308[39m, [38;5;241m-[39m[38;5;241m76.44847400921817[39m, [38;5;241m-[39m[38;5;241m76.4460499239478[39m, [38;5;241m-[39m[38;5;241m76.44345499179957[39m, [38;5;241m-[39m[38;5;241m76.440710471003[39m, [38;5;241m-[39m[38;5;241m76.43783566572576[39m, [38;5;241m-[39m[38;5;241m76.43484803994048[39m, [38;5;241m-[39m[38;5;241m76.4317635755497[39m, [38;5;241m-[39m[38;5;241m76.4285967457864[39m, [38;5;241m-[39m[38;5;241m76.42536032856904[39m, [38;5;241m-[39m[38;5;241m76.42206555091289[39m, [38;5;241m-[39m[38;5;241m76.41872248782467[39m, [38;5;241m-[39m[38;5;241m76.4153397871249[39m])
[1;32m      3[0m ref_angle_a [38;5;241m=[39m np[38;5;241m.[39marray([ [38;5;241m75.0[39m, [38;5;241m77.4137931[39m ,  [38;5;241m79.82758621[39m,  [38;5;241m82.24137931[39m,  [38;5;241m84.65517241[39m,  [38;5;241m87.06896552[39m,  [38;5;241m89.48275862[39m,  [38;5;241m91.89655172[39m,  [38;5;241m94.31034483[39m,  [38;5;241m96.72413793[39m,  [38;5;241m99.13793103[39m, [38;5;241m101.55172414[39m, [38;5;241m103.96551724[39m, [38;5;241m106.37931034[39m, [38;5;241m108.79310345[39m, [38;5;241m111.20689655[39m, [38;5;241m113.62068966[39m, [38;5;241m116.03448276[39m, [38;5;241m118.44827586[39m, [38;5;241m120.86206897[39m, [38;5;241m123.27586207[39m, [38;5;241m125.68965517[39m, [38;5;241m128.10344828[39m, [38;5;241m130.51724138[39m, [38;5;241m132.93103448[39m, [38;5;241m135.34482759[39m, [38;5;241m137.75862069[39m, [38;5;241m140.17241379[39m, [38;5;241m142.5862069[39m , [38;5;241m145.[39m        ])

[0;31mNameError[0m: name 'np' is not defined
NameError: name 'np' is not defined

