Traceback (most recent call last):
  File "/home/thomas/Notebook/anaconda/envs/echem/lib/python3.10/site-packages/jupyter_cache/executors/utils.py", line 51, in single_nb_execution
    executenb(
  File "/home/thomas/Notebook/anaconda/envs/echem/lib/python3.10/site-packages/nbclient/client.py", line 1204, in execute
    return NotebookClient(nb=nb, resources=resources, km=km, **kwargs).execute()
  File "/home/thomas/Notebook/anaconda/envs/echem/lib/python3.10/site-packages/nbclient/util.py", line 84, in wrapped
    return just_run(coro(*args, **kwargs))
  File "/home/thomas/Notebook/anaconda/envs/echem/lib/python3.10/site-packages/nbclient/util.py", line 62, in just_run
    return loop.run_until_complete(coro)
  File "/home/thomas/Notebook/anaconda/envs/echem/lib/python3.10/asyncio/base_events.py", line 649, in run_until_complete
    return future.result()
  File "/home/thomas/Notebook/anaconda/envs/echem/lib/python3.10/site-packages/nbclient/client.py", line 663, in async_execute
    await self.async_execute_cell(
  File "/home/thomas/Notebook/anaconda/envs/echem/lib/python3.10/site-packages/nbclient/client.py", line 965, in async_execute_cell
    await self._check_raise_for_error(cell, cell_index, exec_reply)
  File "/home/thomas/Notebook/anaconda/envs/echem/lib/python3.10/site-packages/nbclient/client.py", line 862, in _check_raise_for_error
    raise CellExecutionError.from_cell_and_msg(cell, exec_reply_content)
nbclient.exceptions.CellExecutionError: An error occurred while executing the following cell:
------------------
```python
# Perform SCF calculation
scf_gs = gator.run_scf(molecule, basis)

# Calculate the 2 lowest eigenstates
adc_results = gator.run_adc(molecule, basis, scf_gs, method="adc2", singlets=2)
```

Printing the results:

```python
# Print results
print(adc_state.describe())

# Print dominant amplitudes
print(adc_state.describe_amplitudes())
```

print_results = """+--------------------------------------------------------------+
| adc2                                    singlet ,  converged |
+--------------------------------------------------------------+
|  #        excitation energy     osc str    |v1|^2    |v2|^2  |
|          (au)           (eV)                                 |
|  0     0.3054352      8.311314   0.0142    0.9591   0.04089  |
|  1     0.3903211      10.62118   0.0000    0.9636   0.03637  |
+--------------------------------------------------------------+

+---------------------------------------------------+
| State   0 ,     0.3054352 au,      8.311314 eV    |
+---------------------------------------------------+
| HOMO          -> LUMO           a ->a      -0.691 |
| HOMO          -> LUMO+4         a ->a     +0.0451 |
| HOMO          -> LUMO+7         a ->a     +0.0227 |
| HOMO-2 HOMO   -> LUMO+1 LUMO    ab->ab    +0.0306 |
| HOMO   HOMO   -> LUMO   LUMO+3  ab->ab    -0.0253 |
| HOMO-2 HOMO   -> LUMO   LUMO+1  aa->aa    -0.0191 |
| HOMO-1 HOMO   -> LUMO   LUMO    ab->ab    -0.0191 |
| HOMO-3 HOMO   -> LUMO   LUMO    ab->ab    +0.0182 |
| HOMO-1 HOMO   -> LUMO   LUMO+4  aa->aa    -0.0174 |
| HOMO-1 HOMO   -> LUMO+4 LUMO    ab->ab    +0.0152 |
| HOMO-2 HOMO   -> LUMO+6 LUMO    ab->ab    -0.0152 |
| HOMO-1 HOMO   -> LUMO+5 LUMO    ab->ab    -0.0147 |
| HOMO-2 HOMO   -> LUMO   LUMO+6  aa->aa    +0.0139 |
| HOMO-1 HOMO   -> LUMO   LUMO+5  aa->aa    +0.0117 |
| HOMO-2 HOMO   -> LUMO   LUMO+1  ab->ab    +0.0115 |
| HOMO-3 HOMO   -> LUMO   LUMO+7  aa->aa    +0.0107 |

+---------------------------------------------------+
| State   1 ,     0.3903211 au,      10.62118 eV    |
+---------------------------------------------------+
| HOMO          -> LUMO+1         a ->a       +0.69 |
| HOMO          -> LUMO+6         a ->a     -0.0598 |
| HOMO          -> LUMO+2         a ->a     -0.0431 |
| HOMO-2 HOMO   -> LUMO+1 LUMO+1  ab->ab    -0.0301 |
| HOMO   HOMO   -> LUMO+1 LUMO+3  ab->ab    +0.0234 |
| HOMO-1 HOMO   -> LUMO   LUMO+1  ab->ab     +0.019 |
| HOMO-2 HOMO   -> LUMO+1 LUMO+6  aa->aa    -0.0189 |
| HOMO-1 HOMO   -> LUMO+4 LUMO+1  ab->ab    -0.0144 |
| HOMO-3 HOMO   -> LUMO   LUMO+1  ab->ab    -0.0143 |
| HOMO-1 HOMO   -> LUMO+1 LUMO+4  aa->aa    +0.0133 |
| HOMO-2 HOMO   -> LUMO+6 LUMO+1  ab->ab     +0.013 |
| HOMO-1 HOMO   -> LUMO+5 LUMO+1  ab->ab    +0.0121 |
| HOMO-1 HOMO   -> LUMO+1 LUMO+5  aa->aa    -0.0109 |
| HOMO-1 HOMO   -> LUMO   LUMO+1  aa->aa    +0.0104 |"""
print(print_results)
------------------

[0;36m  Cell [0;32mIn[2], line 1[0;36m[0m
[0;31m    ```python[0m
[0m    ^[0m
[0;31mSyntaxError[0m[0;31m:[0m invalid syntax

SyntaxError: invalid syntax (2279741513.py, line 1)

