Traceback (most recent call last):
  File "/home/thomas/Notebook/anaconda/lib/python3.7/site-packages/jupyter_cache/executors/utils.py", line 56, in single_nb_execution
    record_timing=False,
  File "/home/thomas/Notebook/anaconda/lib/python3.7/site-packages/nbclient/client.py", line 1204, in execute
    return NotebookClient(nb=nb, resources=resources, km=km, **kwargs).execute()
  File "/home/thomas/Notebook/anaconda/lib/python3.7/site-packages/nbclient/util.py", line 84, in wrapped
    return just_run(coro(*args, **kwargs))
  File "/home/thomas/Notebook/anaconda/lib/python3.7/site-packages/nbclient/util.py", line 62, in just_run
    return loop.run_until_complete(coro)
  File "/home/thomas/Notebook/anaconda/lib/python3.7/asyncio/base_events.py", line 587, in run_until_complete
    return future.result()
  File "/home/thomas/Notebook/anaconda/lib/python3.7/site-packages/nbclient/client.py", line 664, in async_execute
    cell, index, execution_count=self.code_cells_executed + 1
  File "/home/thomas/Notebook/anaconda/lib/python3.7/site-packages/nbclient/client.py", line 965, in async_execute_cell
    await self._check_raise_for_error(cell, cell_index, exec_reply)
  File "/home/thomas/Notebook/anaconda/lib/python3.7/site-packages/nbclient/client.py", line 862, in _check_raise_for_error
    raise CellExecutionError.from_cell_and_msg(cell, exec_reply_content)
nbclient.exceptions.CellExecutionError: An error occurred while executing the following cell:
------------------
# CO with variable C position
co_base = """
O       0.0       0.0       0.0
C         x       0.0       0.0
"""

scf_e = []
dist = np.arange(1.05, 1.30, 0.01)

for d in dist:
    # change C position
    co_tmp = co_base.replace("x", "{}".format(d))
    molecule = vlx.Molecule.read_str(co_tmp)
    basis = vlx.MolecularBasis.read(molecule, "6-31G")

    # calculate B3LYP energy
    scf_settings = {}
    method_settings = {"xcfun": "b3lyp"}
    scfdrv = vlx.ScfRestrictedDriver()
    scfdrv.update_settings(scf_settings, method_settings)
    scfdrv.compute(molecule, basis)
    scf_e.append(scfdrv.get_scf_energy())

# index for minimal energy
indx = scf_e.index(min(scf_e))
# convert to kJ/mol and shift to zero
scf_e = 2600.0 * (np.array(scf_e) - min(scf_e))
------------------

[0;31m---------------------------------------------------------------------------[0m
[0;31mTypeError[0m                                 Traceback (most recent call last)
[0;32m/tmp/ipykernel_12264/622895931.py[0m in [0;36m<module>[0;34m[0m
[1;32m     17[0m     [0mscf_settings[0m [0;34m=[0m [0;34m{[0m[0;34m}[0m[0;34m[0m[0;34m[0m[0m
[1;32m     18[0m     [0mmethod_settings[0m [0;34m=[0m [0;34m{[0m[0;34m"xcfun"[0m[0;34m:[0m [0;34m"b3lyp"[0m[0;34m}[0m[0;34m[0m[0;34m[0m[0m
[0;32m---> 19[0;31m     [0mscfdrv[0m [0;34m=[0m [0mvlx[0m[0;34m.[0m[0mScfRestrictedDriver[0m[0;34m([0m[0;34m)[0m[0;34m[0m[0;34m[0m[0m
[0m[1;32m     20[0m     [0mscfdrv[0m[0;34m.[0m[0mupdate_settings[0m[0;34m([0m[0mscf_settings[0m[0;34m,[0m [0mmethod_settings[0m[0;34m)[0m[0;34m[0m[0;34m[0m[0m
[1;32m     21[0m     [0mscfdrv[0m[0;34m.[0m[0mcompute[0m[0;34m([0m[0mmolecule[0m[0;34m,[0m [0mbasis[0m[0;34m)[0m[0;34m[0m[0;34m[0m[0m

[0;31mTypeError[0m: __init__() missing 2 required positional arguments: 'comm' and 'ostream'
TypeError: __init__() missing 2 required positional arguments: 'comm' and 'ostream'

