Traceback (most recent call last):
  File "/home/thomas/Notebook/anaconda/lib/python3.7/site-packages/jupyter_cache/executors/utils.py", line 56, in single_nb_execution
    record_timing=False,
  File "/home/thomas/Notebook/anaconda/lib/python3.7/site-packages/nbclient/client.py", line 1087, in execute
    return NotebookClient(nb=nb, resources=resources, km=km, **kwargs).execute()
  File "/home/thomas/Notebook/anaconda/lib/python3.7/site-packages/nbclient/util.py", line 74, in wrapped
    return just_run(coro(*args, **kwargs))
  File "/home/thomas/Notebook/anaconda/lib/python3.7/site-packages/nbclient/util.py", line 53, in just_run
    return loop.run_until_complete(coro)
  File "/home/thomas/Notebook/anaconda/lib/python3.7/asyncio/base_events.py", line 587, in run_until_complete
    return future.result()
  File "/home/thomas/Notebook/anaconda/lib/python3.7/site-packages/nbclient/client.py", line 541, in async_execute
    cell, index, execution_count=self.code_cells_executed + 1
  File "/home/thomas/Notebook/anaconda/lib/python3.7/site-packages/nbclient/client.py", line 832, in async_execute_cell
    self._check_raise_for_error(cell, exec_reply)
  File "/home/thomas/Notebook/anaconda/lib/python3.7/site-packages/nbclient/client.py", line 740, in _check_raise_for_error
    raise CellExecutionError.from_cell_and_msg(cell, exec_reply['content'])
nbclient.exceptions.CellExecutionError: An error occurred while executing the following cell:
------------------
cafestol_xyz = """51
cafestol initial structure
O  -4.5215   -1.3455    0.4926
O  -5.2905    0.0812   -1.7033
O   5.1630    0.4345   -0.1101
C  -1.2807   -0.7511   -0.0465
C  -0.5244    0.5810   -0.4102
C   0.9909    0.6610    0.0407
C  -2.9440    0.2916    1.2866
C  -1.8143   -0.7311    1.3945
C  -2.6188   -0.8159   -0.8642
C  -3.7116   -0.2387    0.0606
C  -0.4332   -2.0024   -0.3283
C  -1.3742    1.8303   -0.0654
C   1.6844   -0.6873   -0.4019
C  -2.3206    1.6833    1.1309
C   0.9997   -1.9155    0.1913
C   1.7285    1.8344   -0.7277
C   1.1437    0.9261    1.5588
C   3.1644   -0.6155   -0.2085
C  -4.6490    0.7442   -0.6282
C   3.2525    1.9378   -0.4590
C   3.8298    0.5879   -0.2856
C   4.1654   -1.5888    0.0140
C   5.3604   -0.9015    0.0689
H  -0.4604    0.5817   -1.5108
H  -3.5646    0.2626    2.1897
H  -1.0861   -0.4449    2.1498
H  -2.1902   -1.7145    1.7003
H  -2.5286   -0.2495   -1.7981
H  -2.8534   -1.8505   -1.1460
H  -0.3943   -2.1694   -1.4136
H  -0.9135   -2.8938    0.0946
H  -1.9810    2.0650   -0.9487
H  -0.7587    2.7222    0.0818
H   1.5605   -0.7646   -1.4951
H  -1.7642    1.9154    2.0477
H  -3.1082    2.4431    1.0635
H   1.0176   -1.9046    1.2859
H   1.5276   -2.8282   -0.1118
H   1.2808    2.8061   -0.4944
H   1.5851    1.6842   -1.8068
H   0.5898    1.8173    1.8670
H   0.8147    0.0892    2.1727
H   2.1832    1.0992    1.8532
H  -4.1337    1.6158   -1.0351
H  -5.4265    1.0934    0.0595
H   3.4273    2.5264    0.4487
H   3.7385    2.4646   -1.2871
H  -3.9519   -2.0832    0.7635
H   4.0442   -2.6573    0.1180
H  -5.7603   -0.6874   -1.3370
H   6.3869   -1.2031    0.2186
"""
cafestol = vlx.Molecule.from_xyz_string(cafestol_xyz)
basis_set_label = "sto-3g" # still too big to run analytical gradient with pyscf derivatives
cafestol_basis = vlx.MolecularBasis.read(cafestol, basis_set_label)
------------------

[0;31m---------------------------------------------------------------------------[0m
[0;31mAttributeError[0m                            Traceback (most recent call last)
[0;32m<ipython-input-2-3c30216a36b8>[0m in [0;36m<module>[0;34m[0m
[1;32m     53[0m [0mH[0m   [0;36m6.3869[0m   [0;34m-[0m[0;36m1.2031[0m    [0;36m0.2186[0m[0;34m[0m[0;34m[0m[0m
[1;32m     54[0m """
[0;32m---> 55[0;31m [0mcafestol[0m [0;34m=[0m [0mvlx[0m[0;34m.[0m[0mMolecule[0m[0;34m.[0m[0mfrom_xyz_string[0m[0;34m([0m[0mcafestol_xyz[0m[0;34m)[0m[0;34m[0m[0;34m[0m[0m
[0m[1;32m     56[0m [0mbasis_set_label[0m [0;34m=[0m [0;34m"sto-3g"[0m [0;31m# still too big to run analytical gradient with pyscf derivatives[0m[0;34m[0m[0;34m[0m[0m
[1;32m     57[0m [0mcafestol_basis[0m [0;34m=[0m [0mvlx[0m[0;34m.[0m[0mMolecularBasis[0m[0;34m.[0m[0mread[0m[0;34m([0m[0mcafestol[0m[0;34m,[0m [0mbasis_set_label[0m[0;34m)[0m[0;34m[0m[0;34m[0m[0m

[0;31mAttributeError[0m: type object 'veloxchem.veloxchemlib.Molecule' has no attribute 'from_xyz_string'
AttributeError: type object 'veloxchem.veloxchemlib.Molecule' has no attribute 'from_xyz_string'

