Traceback (most recent call last):
  File "/home/thomas/Notebook/anaconda/envs/echem/lib/python3.9/site-packages/jupyter_cache/executors/utils.py", line 51, in single_nb_execution
    executenb(
  File "/home/thomas/Notebook/anaconda/envs/echem/lib/python3.9/site-packages/nbclient/client.py", line 1204, in execute
    return NotebookClient(nb=nb, resources=resources, km=km, **kwargs).execute()
  File "/home/thomas/Notebook/anaconda/envs/echem/lib/python3.9/site-packages/nbclient/util.py", line 84, in wrapped
    return just_run(coro(*args, **kwargs))
  File "/home/thomas/Notebook/anaconda/envs/echem/lib/python3.9/site-packages/nbclient/util.py", line 62, in just_run
    return loop.run_until_complete(coro)
  File "/home/thomas/Notebook/anaconda/envs/echem/lib/python3.9/asyncio/base_events.py", line 647, in run_until_complete
    return future.result()
  File "/home/thomas/Notebook/anaconda/envs/echem/lib/python3.9/site-packages/nbclient/client.py", line 663, in async_execute
    await self.async_execute_cell(
  File "/home/thomas/Notebook/anaconda/envs/echem/lib/python3.9/site-packages/nbclient/client.py", line 965, in async_execute_cell
    await self._check_raise_for_error(cell, cell_index, exec_reply)
  File "/home/thomas/Notebook/anaconda/envs/echem/lib/python3.9/site-packages/nbclient/client.py", line 862, in _check_raise_for_error
    raise CellExecutionError.from_cell_and_msg(cell, exec_reply_content)
nbclient.exceptions.CellExecutionError: An error occurred while executing the following cell:
------------------
scf_drv = vlx.ScfRestrictedDriver()

# Energy
scf_drv.compute(molecule, basis)
energy = scf_drv.get_scf_energy()

# Gradient
scf_grad_drv = vlx.ScfGradientDriver(scf_drv)
scf_grad_drv.compute(molecule, basis)
gradient = scf_grad_drv.gradient

# Hessian
scf_hessian_drv = vlx.ScfHessianDriver(scf_drv)
scf_hessian_drv.compute(molecule, basis)
hessian = scf_hessian_drv.hessian
------------------

[0;31m---------------------------------------------------------------------------[0m
[0;31mAttributeError[0m                            Traceback (most recent call last)
Input [0;32mIn [3][0m, in [0;36m<cell line: 13>[0;34m()[0m
[1;32m     10[0m gradient [38;5;241m=[39m scf_grad_drv[38;5;241m.[39mgradient
[1;32m     12[0m [38;5;66;03m# Hessian[39;00m
[0;32m---> 13[0m scf_hessian_drv [38;5;241m=[39m [43mvlx[49m[38;5;241;43m.[39;49m[43mScfHessianDriver[49m(scf_drv)
[1;32m     14[0m scf_hessian_drv[38;5;241m.[39mcompute(molecule, basis)
[1;32m     15[0m hessian [38;5;241m=[39m scf_hessian_drv[38;5;241m.[39mhessian

[0;31mAttributeError[0m: module 'veloxchem' has no attribute 'ScfHessianDriver'
AttributeError: module 'veloxchem' has no attribute 'ScfHessianDriver'

