Traceback (most recent call last):
  File "/home/emi/.local/lib/python3.6/site-packages/jupyter_cache/executors/utils.py", line 56, in single_nb_execution
    record_timing=False,
  File "/home/emi/.local/lib/python3.6/site-packages/nbclient/client.py", line 1093, in execute
    return NotebookClient(nb=nb, resources=resources, km=km, **kwargs).execute()
  File "/home/emi/.local/lib/python3.6/site-packages/nbclient/util.py", line 84, in wrapped
    return just_run(coro(*args, **kwargs))
  File "/home/emi/.local/lib/python3.6/site-packages/nbclient/util.py", line 62, in just_run
    return loop.run_until_complete(coro)
  File "/usr/lib/python3.6/asyncio/base_events.py", line 484, in run_until_complete
    return future.result()
  File "/home/emi/.local/lib/python3.6/site-packages/nbclient/client.py", line 560, in async_execute
    cell, index, execution_count=self.code_cells_executed + 1
  File "/home/emi/.local/lib/python3.6/site-packages/nbclient/client.py", line 854, in async_execute_cell
    self._check_raise_for_error(cell, exec_reply)
  File "/home/emi/.local/lib/python3.6/site-packages/nbclient/client.py", line 756, in _check_raise_for_error
    raise CellExecutionError.from_cell_and_msg(cell, exec_reply_content)
nbclient.exceptions.CellExecutionError: An error occurred while executing the following cell:
------------------
xtb_energies = []
impes_energies = []

for oh in distlist:
    
    # Create new molecule
    mol_str = mol_template.replace("OHdist", str(oh))
    new_molecule = vlx.Molecule.read_str(mol_str, units='angstrom')
    
    # set-up an xtb driver, gradient driver and hessian driver
    new_xtb_drv = vlx.XTBDriver()
    new_xtb_drv.set_method(method_settings['xtb'].lower())
    new_xtb_drv.compute(new_molecule, ostream)
    
    # save the results:
    energy = new_xtb_drv.get_energy()
    
    xtb_energies.append(energy)
------------------

[0;31m---------------------------------------------------------------------------[0m
[0;31mNameError[0m                                 Traceback (most recent call last)
[0;32m<ipython-input-21-cf5f04325ca4>[0m in [0;36m<module>[0;34m[0m
[1;32m     10[0m     [0;31m# set-up an xtb driver, gradient driver and hessian driver[0m[0;34m[0m[0;34m[0m[0;34m[0m[0m
[1;32m     11[0m     [0mnew_xtb_drv[0m [0;34m=[0m [0mvlx[0m[0;34m.[0m[0mXTBDriver[0m[0;34m([0m[0;34m)[0m[0;34m[0m[0;34m[0m[0m
[0;32m---> 12[0;31m     [0mnew_xtb_drv[0m[0;34m.[0m[0mset_method[0m[0;34m([0m[0mmethod_settings[0m[0;34m[[0m[0;34m'xtb'[0m[0;34m][0m[0;34m.[0m[0mlower[0m[0;34m([0m[0;34m)[0m[0;34m)[0m[0;34m[0m[0;34m[0m[0m
[0m[1;32m     13[0m     [0mnew_xtb_drv[0m[0;34m.[0m[0mcompute[0m[0;34m([0m[0mnew_molecule[0m[0;34m,[0m [0mostream[0m[0;34m)[0m[0;34m[0m[0;34m[0m[0m
[1;32m     14[0m [0;34m[0m[0m

[0;31mNameError[0m: name 'method_settings' is not defined
NameError: name 'method_settings' is not defined

