Traceback (most recent call last):
  File "/home/emi/miniconda3/envs/echem/lib/python3.9/site-packages/jupyter_cache/executors/utils.py", line 51, in single_nb_execution
    executenb(
  File "/home/emi/miniconda3/envs/echem/lib/python3.9/site-packages/nbclient/client.py", line 1204, in execute
    return NotebookClient(nb=nb, resources=resources, km=km, **kwargs).execute()
  File "/home/emi/miniconda3/envs/echem/lib/python3.9/site-packages/nbclient/util.py", line 84, in wrapped
    return just_run(coro(*args, **kwargs))
  File "/home/emi/miniconda3/envs/echem/lib/python3.9/site-packages/nbclient/util.py", line 62, in just_run
    return loop.run_until_complete(coro)
  File "/home/emi/miniconda3/envs/echem/lib/python3.9/asyncio/base_events.py", line 647, in run_until_complete
    return future.result()
  File "/home/emi/miniconda3/envs/echem/lib/python3.9/site-packages/nbclient/client.py", line 663, in async_execute
    await self.async_execute_cell(
  File "/home/emi/miniconda3/envs/echem/lib/python3.9/site-packages/nbclient/client.py", line 965, in async_execute_cell
    await self._check_raise_for_error(cell, cell_index, exec_reply)
  File "/home/emi/miniconda3/envs/echem/lib/python3.9/site-packages/nbclient/client.py", line 862, in _check_raise_for_error
    raise CellExecutionError.from_cell_and_msg(cell, exec_reply_content)
nbclient.exceptions.CellExecutionError: An error occurred while executing the following cell:
------------------
# import section
import veloxchem as vlx
import py3Dmol as p3d
from veloxchem.veloxchemlib import bohr_in_angstroms
from matplotlib import pyplot as plt
import numpy as np

basis_set_label = "6-31G"
------------------

[0;31m---------------------------------------------------------------------------[0m
[0;31mModuleNotFoundError[0m                       Traceback (most recent call last)
Input [0;32mIn [1][0m, in [0;36m<cell line: 2>[0;34m()[0m
[1;32m      1[0m [38;5;66;03m# import section[39;00m
[0;32m----> 2[0m [38;5;28;01mimport[39;00m [38;5;21;01mveloxchem[39;00m [38;5;28;01mas[39;00m [38;5;21;01mvlx[39;00m
[1;32m      3[0m [38;5;28;01mimport[39;00m [38;5;21;01mpy3Dmol[39;00m [38;5;28;01mas[39;00m [38;5;21;01mp3d[39;00m
[1;32m      4[0m [38;5;28;01mfrom[39;00m [38;5;21;01mveloxchem[39;00m[38;5;21;01m.[39;00m[38;5;21;01mveloxchemlib[39;00m [38;5;28;01mimport[39;00m bohr_in_angstroms

File [0;32m~/software/vlx/build/lib/python3.10/site-packages/veloxchem/__init__.py:27[0m, in [0;36m<module>[0;34m[0m
[1;32m      1[0m [38;5;66;03m#[39;00m
[1;32m      2[0m [38;5;66;03m#                           VELOXCHEM 1.0-RC2[39;00m
[1;32m      3[0m [38;5;66;03m#         ----------------------------------------------------[39;00m
[0;32m   (...)[0m
[1;32m     25[0m 
[1;32m     26[0m [38;5;66;03m# C++ classes[39;00m
[0;32m---> 27[0m [38;5;28;01mfrom[39;00m [38;5;21;01m.[39;00m[38;5;21;01mveloxchemlib[39;00m [38;5;28;01mimport[39;00m AtomBasis
[1;32m     28[0m [38;5;28;01mfrom[39;00m [38;5;21;01m.[39;00m[38;5;21;01mveloxchemlib[39;00m [38;5;28;01mimport[39;00m BasisFunction
[1;32m     29[0m [38;5;28;01mfrom[39;00m [38;5;21;01m.[39;00m[38;5;21;01mveloxchemlib[39;00m [38;5;28;01mimport[39;00m OverlapIntegralsDriver

[0;31mModuleNotFoundError[0m: No module named 'veloxchem.veloxchemlib'
ModuleNotFoundError: No module named 'veloxchem.veloxchemlib'

