Traceback (most recent call last):
  File "/opt/miniconda3/envs/echem/lib/python3.9/site-packages/jupyter_cache/executors/utils.py", line 51, in single_nb_execution
    executenb(
  File "/opt/miniconda3/envs/echem/lib/python3.9/site-packages/nbclient/client.py", line 1204, in execute
    return NotebookClient(nb=nb, resources=resources, km=km, **kwargs).execute()
  File "/opt/miniconda3/envs/echem/lib/python3.9/site-packages/nbclient/util.py", line 84, in wrapped
    return just_run(coro(*args, **kwargs))
  File "/opt/miniconda3/envs/echem/lib/python3.9/site-packages/nbclient/util.py", line 62, in just_run
    return loop.run_until_complete(coro)
  File "/opt/miniconda3/envs/echem/lib/python3.9/asyncio/base_events.py", line 642, in run_until_complete
    return future.result()
  File "/opt/miniconda3/envs/echem/lib/python3.9/site-packages/nbclient/client.py", line 663, in async_execute
    await self.async_execute_cell(
  File "/opt/miniconda3/envs/echem/lib/python3.9/site-packages/nbclient/client.py", line 965, in async_execute_cell
    await self._check_raise_for_error(cell, cell_index, exec_reply)
  File "/opt/miniconda3/envs/echem/lib/python3.9/site-packages/nbclient/client.py", line 862, in _check_raise_for_error
    raise CellExecutionError.from_cell_and_msg(cell, exec_reply_content)
nbclient.exceptions.CellExecutionError: An error occurred while executing the following cell:
------------------
import veloxchem as vlx
import numpy as np
from numpy.linalg import inv

np.set_printoptions(precision=4, suppress=True, linewidth=132)

mol_str = """
F        0.00000000    0.00000000     -0.1733
H        0.00000000    0.00000000      1.5597
"""

molecule = vlx.Molecule.read_str(mol_str, units='au')
basis = vlx.MolecularBasis.read(molecule, "6-31G")

natoms = molecule.number_of_atoms()
norb = basis.get_dimensions_of_basis(molecule)

# SCF optimization
scf_drv = vlx.ScfRestrictedDriver()
scf_drv.compute(molecule, basis)

# LoProp
loprop_drv = vlx.LoPropDriver()
loprop_out = loprop_drv.compute(molecule, basis, scf_drv.scf_tensors)
------------------

[0;31m---------------------------------------------------------------------------[0m
[0;31mTypeError[0m                                 Traceback (most recent call last)
Input [0;32mIn [1][0m, in [0;36m<cell line: 23>[0;34m()[0m
[1;32m     20[0m scf_drv[38;5;241m.[39mcompute(molecule, basis)
[1;32m     22[0m [38;5;66;03m# LoProp[39;00m
[0;32m---> 23[0m loprop_drv [38;5;241m=[39m [43mvlx[49m[38;5;241;43m.[39;49m[43mLoPropDriver[49m[43m([49m[43m)[49m
[1;32m     24[0m loprop_out [38;5;241m=[39m loprop_drv[38;5;241m.[39mcompute(molecule, basis, scf_drv[38;5;241m.[39mscf_tensors)

[0;31mTypeError[0m: __init__() missing 1 required positional argument: 'task'
TypeError: __init__() missing 1 required positional argument: 'task'

