Traceback (most recent call last):
  File "/opt/anaconda3/envs/echem/lib/python3.7/site-packages/jupyter_cache/executors/utils.py", line 56, in single_nb_execution
    record_timing=False,
  File "/opt/anaconda3/envs/echem/lib/python3.7/site-packages/nbclient/client.py", line 1085, in execute
    return NotebookClient(nb=nb, resources=resources, km=km, **kwargs).execute()
  File "/opt/anaconda3/envs/echem/lib/python3.7/site-packages/nbclient/util.py", line 84, in wrapped
    return just_run(coro(*args, **kwargs))
  File "/opt/anaconda3/envs/echem/lib/python3.7/site-packages/nbclient/util.py", line 62, in just_run
    return loop.run_until_complete(coro)
  File "/opt/anaconda3/envs/echem/lib/python3.7/asyncio/base_events.py", line 587, in run_until_complete
    return future.result()
  File "/opt/anaconda3/envs/echem/lib/python3.7/site-packages/nbclient/client.py", line 552, in async_execute
    cell, index, execution_count=self.code_cells_executed + 1
  File "/opt/anaconda3/envs/echem/lib/python3.7/site-packages/nbclient/client.py", line 846, in async_execute_cell
    self._check_raise_for_error(cell, exec_reply)
  File "/opt/anaconda3/envs/echem/lib/python3.7/site-packages/nbclient/client.py", line 748, in _check_raise_for_error
    raise CellExecutionError.from_cell_and_msg(cell, exec_reply_content)
nbclient.exceptions.CellExecutionError: An error occurred while executing the following cell:
------------------
viewer = veloxviz_nbviewer()
viewer.plot(molecule,orbital,grid)
------------------

[0;31m---------------------------------------------------------------------------[0m
[0;31mNameError[0m                                 Traceback (most recent call last)
[0;32m/var/folders/yn/sjrk11nj0zs5nb8wzbytm0j00000gn/T/ipykernel_95884/850290856.py[0m in [0;36m<module>[0;34m[0m
[1;32m      1[0m [0mviewer[0m [0;34m=[0m [0mveloxviz_nbviewer[0m[0;34m([0m[0;34m)[0m[0;34m[0m[0;34m[0m[0m
[0;32m----> 2[0;31m [0mviewer[0m[0;34m.[0m[0mplot[0m[0;34m([0m[0mmolecule[0m[0;34m,[0m[0morbital[0m[0;34m,[0m[0mgrid[0m[0;34m)[0m[0;34m[0m[0;34m[0m[0m
[0m
[0;32m/var/folders/yn/sjrk11nj0zs5nb8wzbytm0j00000gn/T/ipykernel_95884/778608943.py[0m in [0;36mplot[0;34m(self, molecule, orbital, grid)[0m
[1;32m      3[0m         [0mprint[0m[0;34m([0m[0;34m"Hello"[0m[0;34m)[0m[0;34m[0m[0;34m[0m[0m
[1;32m      4[0m     [0;32mdef[0m [0mplot[0m[0;34m([0m[0mself[0m[0;34m,[0m[0mmolecule[0m[0;34m,[0m [0morbital[0m[0;34m=[0m[0;32mNone[0m[0;34m,[0m [0mgrid[0m[0;34m=[0m[0;32mNone[0m[0;34m)[0m[0;34m:[0m[0;34m[0m[0;34m[0m[0m
[0;32m----> 5[0;31m         [0mthisplot[0m [0;34m=[0m [0mk3d[0m[0;34m.[0m[0mplot[0m[0;34m([0m[0mgrid_visible[0m[0;34m=[0m[0;32mFalse[0m[0;34m)[0m[0;34m[0m[0;34m[0m[0m
[0m[1;32m      6[0m         [0mplt_atoms[0m[0;34m,[0m [0mplt_bonds[0m [0;34m=[0m [0mself[0m[0;34m.[0m[0mdrawmol[0m[0;34m([0m[0mmolecule[0m[0;34m)[0m[0;34m[0m[0;34m[0m[0m
[1;32m      7[0m         [0mthisplot[0m [0;34m+=[0m [0mplt_atoms[0m[0;34m[0m[0;34m[0m[0m

[0;31mNameError[0m: name 'k3d' is not defined
NameError: name 'k3d' is not defined

