Traceback (most recent call last):
  File "/home/emi/.local/lib/python3.6/site-packages/jupyter_cache/executors/utils.py", line 56, in single_nb_execution
    record_timing=False,
  File "/home/emi/.local/lib/python3.6/site-packages/nbclient/client.py", line 1093, in execute
    return NotebookClient(nb=nb, resources=resources, km=km, **kwargs).execute()
  File "/home/emi/.local/lib/python3.6/site-packages/nbclient/util.py", line 84, in wrapped
    return just_run(coro(*args, **kwargs))
  File "/home/emi/.local/lib/python3.6/site-packages/nbclient/util.py", line 62, in just_run
    return loop.run_until_complete(coro)
  File "/usr/lib/python3.6/asyncio/base_events.py", line 484, in run_until_complete
    return future.result()
  File "/home/emi/.local/lib/python3.6/site-packages/nbclient/client.py", line 560, in async_execute
    cell, index, execution_count=self.code_cells_executed + 1
  File "/home/emi/.local/lib/python3.6/site-packages/nbclient/client.py", line 854, in async_execute_cell
    self._check_raise_for_error(cell, exec_reply)
  File "/home/emi/.local/lib/python3.6/site-packages/nbclient/client.py", line 756, in _check_raise_for_error
    raise CellExecutionError.from_cell_and_msg(cell, exec_reply_content)
nbclient.exceptions.CellExecutionError: An error occurred while executing the following cell:
------------------
scf_tensors = scfdrv.scf_tensors
density = scf_tensors['D_alpha'] + scf_tensors['D_beta'] 
prop = vlx.firstorderprop.FirstOrderProperties() 
prop.compute(molecule, basis, hf_den)
hf_dipole_moment = prop.get_property('dipole moment')
prop.print_properties(molecule, 'HF dipole moment')
#print("This is the HF dipole moment of the water molecule: [%.2f, %.2f, %.2f] a.u.", hf_dipole_moment )
------------------

[0;31m---------------------------------------------------------------------------[0m
[0;31mNameError[0m                                 Traceback (most recent call last)
[0;32m<ipython-input-16-333428b1b5fd>[0m in [0;36m<module>[0;34m[0m
[1;32m      2[0m [0mdensity[0m [0;34m=[0m [0mscf_tensors[0m[0;34m[[0m[0;34m'D_alpha'[0m[0;34m][0m [0;34m+[0m [0mscf_tensors[0m[0;34m[[0m[0;34m'D_beta'[0m[0;34m][0m[0;34m[0m[0;34m[0m[0m
[1;32m      3[0m [0mprop[0m [0;34m=[0m [0mvlx[0m[0;34m.[0m[0mfirstorderprop[0m[0;34m.[0m[0mFirstOrderProperties[0m[0;34m([0m[0;34m)[0m[0;34m[0m[0;34m[0m[0m
[0;32m----> 4[0;31m [0mprop[0m[0;34m.[0m[0mcompute[0m[0;34m([0m[0mmolecule[0m[0;34m,[0m [0mbasis[0m[0;34m,[0m [0mhf_den[0m[0;34m)[0m[0;34m[0m[0;34m[0m[0m
[0m[1;32m      5[0m [0mhf_dipole_moment[0m [0;34m=[0m [0mprop[0m[0;34m.[0m[0mget_property[0m[0;34m([0m[0;34m'dipole moment'[0m[0;34m)[0m[0;34m[0m[0;34m[0m[0m
[1;32m      6[0m [0mprop[0m[0;34m.[0m[0mprint_properties[0m[0;34m([0m[0mmolecule[0m[0;34m,[0m [0;34m'HF dipole moment'[0m[0;34m)[0m[0;34m[0m[0;34m[0m[0m

[0;31mNameError[0m: name 'hf_den' is not defined
NameError: name 'hf_den' is not defined

