Traceback (most recent call last):
  File "/home/thomas/Notebook/anaconda/lib/python3.7/site-packages/jupyter_cache/executors/utils.py", line 56, in single_nb_execution
    record_timing=False,
  File "/home/thomas/Notebook/anaconda/lib/python3.7/site-packages/nbclient/client.py", line 1204, in execute
    return NotebookClient(nb=nb, resources=resources, km=km, **kwargs).execute()
  File "/home/thomas/Notebook/anaconda/lib/python3.7/site-packages/nbclient/util.py", line 84, in wrapped
    return just_run(coro(*args, **kwargs))
  File "/home/thomas/Notebook/anaconda/lib/python3.7/site-packages/nbclient/util.py", line 62, in just_run
    return loop.run_until_complete(coro)
  File "/home/thomas/Notebook/anaconda/lib/python3.7/asyncio/base_events.py", line 587, in run_until_complete
    return future.result()
  File "/home/thomas/Notebook/anaconda/lib/python3.7/site-packages/nbclient/client.py", line 664, in async_execute
    cell, index, execution_count=self.code_cells_executed + 1
  File "/home/thomas/Notebook/anaconda/lib/python3.7/site-packages/nbclient/client.py", line 965, in async_execute_cell
    await self._check_raise_for_error(cell, cell_index, exec_reply)
  File "/home/thomas/Notebook/anaconda/lib/python3.7/site-packages/nbclient/client.py", line 862, in _check_raise_for_error
    raise CellExecutionError.from_cell_and_msg(cell, exec_reply_content)
nbclient.exceptions.CellExecutionError: An error occurred while executing the following cell:
------------------
# Molecule and basis set
basis_set_label = 'sto-3g'

molecule_xyz = """3
water
  O 0.000 0.000  0.000
  H 0.000 0.000  0.950
  H 0.896 0.000 -0.317
"""
molecule = vlx.Molecule.from_xyz_string(molecule_xyz)
basis = vlx.MolecularBasis.read(molecule, basis_set_label)

view = p3d.view(linked=True, viewergrid=(1,1),width=200,height=200)
view.addModel(molecule_xyz, 'xyz', viewer=(0,0))
view.setStyle({'stick': {}})
view.rotate(-90, "x")
view.zoomTo()
view.show()
------------------

[0;31m---------------------------------------------------------------------------[0m
[0;31mAttributeError[0m                            Traceback (most recent call last)
[0;32m/tmp/ipykernel_12660/1708097388.py[0m in [0;36m<module>[0;34m[0m
[1;32m      8[0m   [0mH[0m [0;36m0.896[0m [0;36m0.000[0m [0;34m-[0m[0;36m0.317[0m[0;34m[0m[0;34m[0m[0m
[1;32m      9[0m """
[0;32m---> 10[0;31m [0mmolecule[0m [0;34m=[0m [0mvlx[0m[0;34m.[0m[0mMolecule[0m[0;34m.[0m[0mfrom_xyz_string[0m[0;34m([0m[0mmolecule_xyz[0m[0;34m)[0m[0;34m[0m[0;34m[0m[0m
[0m[1;32m     11[0m [0mbasis[0m [0;34m=[0m [0mvlx[0m[0;34m.[0m[0mMolecularBasis[0m[0;34m.[0m[0mread[0m[0;34m([0m[0mmolecule[0m[0;34m,[0m [0mbasis_set_label[0m[0;34m)[0m[0;34m[0m[0;34m[0m[0m
[1;32m     12[0m [0;34m[0m[0m

[0;31mAttributeError[0m: type object 'veloxchem.veloxchemlib.Molecule' has no attribute 'from_xyz_string'
AttributeError: type object 'veloxchem.veloxchemlib.Molecule' has no attribute 'from_xyz_string'

