Traceback (most recent call last):
  File "/home/thomas/Notebook/anaconda/lib/python3.7/site-packages/jupyter_cache/executors/utils.py", line 56, in single_nb_execution
    record_timing=False,
  File "/home/thomas/Notebook/anaconda/lib/python3.7/site-packages/nbclient/client.py", line 1204, in execute
    return NotebookClient(nb=nb, resources=resources, km=km, **kwargs).execute()
  File "/home/thomas/Notebook/anaconda/lib/python3.7/site-packages/nbclient/util.py", line 84, in wrapped
    return just_run(coro(*args, **kwargs))
  File "/home/thomas/Notebook/anaconda/lib/python3.7/site-packages/nbclient/util.py", line 62, in just_run
    return loop.run_until_complete(coro)
  File "/home/thomas/Notebook/anaconda/lib/python3.7/asyncio/base_events.py", line 587, in run_until_complete
    return future.result()
  File "/home/thomas/Notebook/anaconda/lib/python3.7/site-packages/nbclient/client.py", line 664, in async_execute
    cell, index, execution_count=self.code_cells_executed + 1
  File "/home/thomas/Notebook/anaconda/lib/python3.7/site-packages/nbclient/client.py", line 965, in async_execute_cell
    await self._check_raise_for_error(cell, cell_index, exec_reply)
  File "/home/thomas/Notebook/anaconda/lib/python3.7/site-packages/nbclient/client.py", line 862, in _check_raise_for_error
    raise CellExecutionError.from_cell_and_msg(cell, exec_reply_content)
nbclient.exceptions.CellExecutionError: An error occurred while executing the following cell:
------------------
xtb_hessian_drv = vlx.XTBHessianDriver(None) # Let's create a

fname = '../../data/md/kahweol_xtb_hessian.h5'
hf = h5py.File(fname, "r")
xtb_hessian_drv.hessian = np.array(hf.get('kahweol_hessian')) 
xtb_hessian_drv.dipole_gradient = np.array(hf.get('kahweol_dipolegrad'))
hf.close()
------------------

[0;31m---------------------------------------------------------------------------[0m
[0;31mAttributeError[0m                            Traceback (most recent call last)
[0;32m/tmp/ipykernel_13517/2687211496.py[0m in [0;36m<module>[0;34m[0m
[0;32m----> 1[0;31m [0mxtb_hessian_drv[0m [0;34m=[0m [0mvlx[0m[0;34m.[0m[0mXTBHessianDriver[0m[0;34m([0m[0;32mNone[0m[0;34m)[0m [0;31m# Let's create a[0m[0;34m[0m[0;34m[0m[0m
[0m[1;32m      2[0m [0;34m[0m[0m
[1;32m      3[0m [0mfname[0m [0;34m=[0m [0;34m'../../data/md/kahweol_xtb_hessian.h5'[0m[0;34m[0m[0;34m[0m[0m
[1;32m      4[0m [0mhf[0m [0;34m=[0m [0mh5py[0m[0;34m.[0m[0mFile[0m[0;34m([0m[0mfname[0m[0;34m,[0m [0;34m"r"[0m[0;34m)[0m[0;34m[0m[0;34m[0m[0m
[1;32m      5[0m [0mxtb_hessian_drv[0m[0;34m.[0m[0mhessian[0m [0;34m=[0m [0mnp[0m[0;34m.[0m[0marray[0m[0;34m([0m[0mhf[0m[0;34m.[0m[0mget[0m[0;34m([0m[0;34m'kahweol_hessian'[0m[0;34m)[0m[0;34m)[0m[0;34m[0m[0;34m[0m[0m

[0;31mAttributeError[0m: module 'veloxchem' has no attribute 'XTBHessianDriver'
AttributeError: module 'veloxchem' has no attribute 'XTBHessianDriver'

