Traceback (most recent call last):
  File "/Users/lixin/anaconda3/envs/echem/lib/python3.9/site-packages/jupyter_cache/executors/utils.py", line 51, in single_nb_execution
    executenb(
  File "/Users/lixin/anaconda3/envs/echem/lib/python3.9/site-packages/nbclient/client.py", line 1204, in execute
    return NotebookClient(nb=nb, resources=resources, km=km, **kwargs).execute()
  File "/Users/lixin/anaconda3/envs/echem/lib/python3.9/site-packages/nbclient/util.py", line 84, in wrapped
    return just_run(coro(*args, **kwargs))
  File "/Users/lixin/anaconda3/envs/echem/lib/python3.9/site-packages/nbclient/util.py", line 62, in just_run
    return loop.run_until_complete(coro)
  File "/Users/lixin/anaconda3/envs/echem/lib/python3.9/asyncio/base_events.py", line 647, in run_until_complete
    return future.result()
  File "/Users/lixin/anaconda3/envs/echem/lib/python3.9/site-packages/nbclient/client.py", line 663, in async_execute
    await self.async_execute_cell(
  File "/Users/lixin/anaconda3/envs/echem/lib/python3.9/site-packages/nbclient/client.py", line 965, in async_execute_cell
    await self._check_raise_for_error(cell, cell_index, exec_reply)
  File "/Users/lixin/anaconda3/envs/echem/lib/python3.9/site-packages/nbclient/client.py", line 862, in _check_raise_for_error
    raise CellExecutionError.from_cell_and_msg(cell, exec_reply_content)
nbclient.exceptions.CellExecutionError: An error occurred while executing the following cell:
------------------
# Create a Hessian driver object, update settings, and compute 
h2o_hessian_drv = vlx.scfhessiandriver.ScfHessianDriver(h2o_scfdrv)
h2o_hessian_drv.update_settings(method_settings, hessian_settings)

nh3_hessian_drv = vlx.scfhessiandriver.ScfHessianDriver(nh3_scfdrv)
nh3_hessian_drv.update_settings(method_settings, hessian_settings)

ch4_hessian_drv = vlx.scfhessiandriver.ScfHessianDriver(ch4_scfdrv)
ch4_hessian_drv.update_settings(method_settings, hessian_settings)
------------------

[0;31m---------------------------------------------------------------------------[0m
[0;31mAttributeError[0m                            Traceback (most recent call last)
Input [0;32mIn [4][0m, in [0;36m<cell line: 2>[0;34m()[0m
[1;32m      1[0m [38;5;66;03m# Create a Hessian driver object, update settings, and compute [39;00m
[0;32m----> 2[0m h2o_hessian_drv [38;5;241m=[39m [43mvlx[49m[38;5;241;43m.[39;49m[43mscfhessiandriver[49m[38;5;241m.[39mScfHessianDriver(h2o_scfdrv)
[1;32m      3[0m h2o_hessian_drv[38;5;241m.[39mupdate_settings(method_settings, hessian_settings)
[1;32m      5[0m nh3_hessian_drv [38;5;241m=[39m vlx[38;5;241m.[39mscfhessiandriver[38;5;241m.[39mScfHessianDriver(nh3_scfdrv)

[0;31mAttributeError[0m: module 'veloxchem' has no attribute 'scfhessiandriver'
AttributeError: module 'veloxchem' has no attribute 'scfhessiandriver'

