Traceback (most recent call last):
  File "/home/emi/miniconda3/envs/echem/lib/python3.9/site-packages/jupyter_cache/executors/utils.py", line 51, in single_nb_execution
    executenb(
  File "/home/emi/miniconda3/envs/echem/lib/python3.9/site-packages/nbclient/client.py", line 1204, in execute
    return NotebookClient(nb=nb, resources=resources, km=km, **kwargs).execute()
  File "/home/emi/miniconda3/envs/echem/lib/python3.9/site-packages/nbclient/util.py", line 84, in wrapped
    return just_run(coro(*args, **kwargs))
  File "/home/emi/miniconda3/envs/echem/lib/python3.9/site-packages/nbclient/util.py", line 62, in just_run
    return loop.run_until_complete(coro)
  File "/home/emi/miniconda3/envs/echem/lib/python3.9/asyncio/base_events.py", line 647, in run_until_complete
    return future.result()
  File "/home/emi/miniconda3/envs/echem/lib/python3.9/site-packages/nbclient/client.py", line 663, in async_execute
    await self.async_execute_cell(
  File "/home/emi/miniconda3/envs/echem/lib/python3.9/site-packages/nbclient/client.py", line 965, in async_execute_cell
    await self._check_raise_for_error(cell, cell_index, exec_reply)
  File "/home/emi/miniconda3/envs/echem/lib/python3.9/site-packages/nbclient/client.py", line 862, in _check_raise_for_error
    raise CellExecutionError.from_cell_and_msg(cell, exec_reply_content)
nbclient.exceptions.CellExecutionError: An error occurred while executing the following cell:
------------------
ax = plt.subplot(1, 1, 1, xlim=(0, 1), ylim=(-40, 40))

plt.plot(wa, alpha_wa, lw=2)
plt.plot(wb, alpha_wb, lw=2)

plt.vlines(Eba, -40, 40, color="grey", linestyles="--")

plt.ylabel(r"$\alpha(\omega)$ (a.u.)")
plt.xlabel(r"$\omega$ (a.u.)")

plt.annotate(
    "Static value",
    (0, alpha[0]),
    xytext=(0.05, 15),
    arrowprops={"width": 1, "headwidth": 6, "headlength": 6, "color": 'black'},
)

plt.annotate(
    "Pole",
    (Eba, 0),
    xytext=(0.55, 10),
    arrowprops={"width": 1, "headwidth": 6, "headlength": 6, 'color': 'black'},
)

plt.grid(True)

plt.show()
------------------

[0;31m---------------------------------------------------------------------------[0m
[0;31mNameError[0m                                 Traceback (most recent call last)
Input [0;32mIn [8][0m, in [0;36m<cell line: 11>[0;34m()[0m
[1;32m      8[0m plt[38;5;241m.[39mylabel([38;5;124mr[39m[38;5;124m"[39m[38;5;124m$[39m[38;5;124m\[39m[38;5;124malpha([39m[38;5;124m\[39m[38;5;124momega)$ (a.u.)[39m[38;5;124m"[39m)
[1;32m      9[0m plt[38;5;241m.[39mxlabel([38;5;124mr[39m[38;5;124m"[39m[38;5;124m$[39m[38;5;124m\[39m[38;5;124momega$ (a.u.)[39m[38;5;124m"[39m)
[1;32m     11[0m plt[38;5;241m.[39mannotate(
[1;32m     12[0m     [38;5;124m"[39m[38;5;124mStatic value[39m[38;5;124m"[39m,
[0;32m---> 13[0m     ([38;5;241m0[39m, [43malpha[49m[[38;5;241m0[39m]),
[1;32m     14[0m     xytext[38;5;241m=[39m([38;5;241m0.05[39m, [38;5;241m15[39m),
[1;32m     15[0m     arrowprops[38;5;241m=[39m{[38;5;124m"[39m[38;5;124mwidth[39m[38;5;124m"[39m: [38;5;241m1[39m, [38;5;124m"[39m[38;5;124mheadwidth[39m[38;5;124m"[39m: [38;5;241m6[39m, [38;5;124m"[39m[38;5;124mheadlength[39m[38;5;124m"[39m: [38;5;241m6[39m, [38;5;124m"[39m[38;5;124mcolor[39m[38;5;124m"[39m: [38;5;124m'[39m[38;5;124mblack[39m[38;5;124m'[39m},
[1;32m     16[0m )
[1;32m     18[0m plt[38;5;241m.[39mannotate(
[1;32m     19[0m     [38;5;124m"[39m[38;5;124mPole[39m[38;5;124m"[39m,
[1;32m     20[0m     (Eba, [38;5;241m0[39m),
[1;32m     21[0m     xytext[38;5;241m=[39m([38;5;241m0.55[39m, [38;5;241m10[39m),
[1;32m     22[0m     arrowprops[38;5;241m=[39m{[38;5;124m"[39m[38;5;124mwidth[39m[38;5;124m"[39m: [38;5;241m1[39m, [38;5;124m"[39m[38;5;124mheadwidth[39m[38;5;124m"[39m: [38;5;241m6[39m, [38;5;124m"[39m[38;5;124mheadlength[39m[38;5;124m"[39m: [38;5;241m6[39m, [38;5;124m'[39m[38;5;124mcolor[39m[38;5;124m'[39m: [38;5;124m'[39m[38;5;124mblack[39m[38;5;124m'[39m},
[1;32m     23[0m )
[1;32m     25[0m plt[38;5;241m.[39mgrid([38;5;28;01mTrue[39;00m)

[0;31mNameError[0m: name 'alpha' is not defined
NameError: name 'alpha' is not defined

