Traceback (most recent call last):
  File "/home/thomas/Notebook/anaconda/lib/python3.7/site-packages/jupyter_cache/executors/utils.py", line 56, in single_nb_execution
    record_timing=False,
  File "/home/thomas/Notebook/anaconda/lib/python3.7/site-packages/nbclient/client.py", line 1087, in execute
    return NotebookClient(nb=nb, resources=resources, km=km, **kwargs).execute()
  File "/home/thomas/Notebook/anaconda/lib/python3.7/site-packages/nbclient/util.py", line 74, in wrapped
    return just_run(coro(*args, **kwargs))
  File "/home/thomas/Notebook/anaconda/lib/python3.7/site-packages/nbclient/util.py", line 53, in just_run
    return loop.run_until_complete(coro)
  File "/home/thomas/Notebook/anaconda/lib/python3.7/asyncio/base_events.py", line 587, in run_until_complete
    return future.result()
  File "/home/thomas/Notebook/anaconda/lib/python3.7/site-packages/nbclient/client.py", line 541, in async_execute
    cell, index, execution_count=self.code_cells_executed + 1
  File "/home/thomas/Notebook/anaconda/lib/python3.7/site-packages/nbclient/client.py", line 832, in async_execute_cell
    self._check_raise_for_error(cell, exec_reply)
  File "/home/thomas/Notebook/anaconda/lib/python3.7/site-packages/nbclient/client.py", line 740, in _check_raise_for_error
    raise CellExecutionError.from_cell_and_msg(cell, exec_reply['content'])
nbclient.exceptions.CellExecutionError: An error occurred while executing the following cell:
------------------
lres_drv = vlx.LinearResponseEigenSolver(comm, ostream)
E2 = lres_drv.get_e2(molecule, basis, scf_drv.scf_tensors)

# index position for (pi,pi*) excitation
idx = (nocc -1) * nvirt

print('Dimension of E[2] matrix:', E2.shape)
print(f'Diagonal element for the (pi,pi*)-excitation: {E2[idx,idx] : .6f} a.u.')
------------------

[0;31m---------------------------------------------------------------------------[0m
[0;31mAttributeError[0m                            Traceback (most recent call last)
[0;32m<ipython-input-4-bd5ed5bcd944>[0m in [0;36m<module>[0;34m[0m
[1;32m      1[0m [0mlres_drv[0m [0;34m=[0m [0mvlx[0m[0;34m.[0m[0mLinearResponseEigenSolver[0m[0;34m([0m[0mcomm[0m[0;34m,[0m [0mostream[0m[0;34m)[0m[0;34m[0m[0;34m[0m[0m
[0;32m----> 2[0;31m [0mE2[0m [0;34m=[0m [0mlres_drv[0m[0;34m.[0m[0mget_e2[0m[0;34m([0m[0mmolecule[0m[0;34m,[0m [0mbasis[0m[0;34m,[0m [0mscf_drv[0m[0;34m.[0m[0mscf_tensors[0m[0;34m)[0m[0;34m[0m[0;34m[0m[0m
[0m[1;32m      3[0m [0;34m[0m[0m
[1;32m      4[0m [0;31m# index position for (pi,pi*) excitation[0m[0;34m[0m[0;34m[0m[0;34m[0m[0m
[1;32m      5[0m [0midx[0m [0;34m=[0m [0;34m([0m[0mnocc[0m [0;34m-[0m[0;36m1[0m[0;34m)[0m [0;34m*[0m [0mnvirt[0m[0;34m[0m[0;34m[0m[0m

[0;31mAttributeError[0m: 'LinearResponseEigenSolver' object has no attribute 'get_e2'
AttributeError: 'LinearResponseEigenSolver' object has no attribute 'get_e2'

