Traceback (most recent call last):
  File "/home/thomas/Notebook/anaconda/envs/echem/lib/python3.9/site-packages/jupyter_cache/executors/utils.py", line 51, in single_nb_execution
    executenb(
  File "/home/thomas/Notebook/anaconda/envs/echem/lib/python3.9/site-packages/nbclient/client.py", line 1204, in execute
    return NotebookClient(nb=nb, resources=resources, km=km, **kwargs).execute()
  File "/home/thomas/Notebook/anaconda/envs/echem/lib/python3.9/site-packages/nbclient/util.py", line 84, in wrapped
    return just_run(coro(*args, **kwargs))
  File "/home/thomas/Notebook/anaconda/envs/echem/lib/python3.9/site-packages/nbclient/util.py", line 62, in just_run
    return loop.run_until_complete(coro)
  File "/home/thomas/Notebook/anaconda/envs/echem/lib/python3.9/asyncio/base_events.py", line 647, in run_until_complete
    return future.result()
  File "/home/thomas/Notebook/anaconda/envs/echem/lib/python3.9/site-packages/nbclient/client.py", line 663, in async_execute
    await self.async_execute_cell(
  File "/home/thomas/Notebook/anaconda/envs/echem/lib/python3.9/site-packages/nbclient/client.py", line 965, in async_execute_cell
    await self._check_raise_for_error(cell, cell_index, exec_reply)
  File "/home/thomas/Notebook/anaconda/envs/echem/lib/python3.9/site-packages/nbclient/client.py", line 862, in _check_raise_for_error
    raise CellExecutionError.from_cell_and_msg(cell, exec_reply_content)
nbclient.exceptions.CellExecutionError: An error occurred while executing the following cell:
------------------
ket = OccupationNumberVector()

for i in [3, 2, 1, 0]:

    ket.creation(i)

print("ground state:", ket.occ_num_vec)
------------------

[0;31m---------------------------------------------------------------------------[0m
[0;31mNameError[0m                                 Traceback (most recent call last)
Cell [0;32mIn [3], line 1[0m
[0;32m----> 1[0m ket [38;5;241m=[39m [43mOccupationNumberVector[49m[43m([49m[43m)[49m
[1;32m      3[0m [38;5;28;01mfor[39;00m i [38;5;129;01min[39;00m [[38;5;241m3[39m, [38;5;241m2[39m, [38;5;241m1[39m, [38;5;241m0[39m]:
[1;32m      5[0m     ket[38;5;241m.[39mcreation(i)

Cell [0;32mIn [2], line 5[0m, in [0;36mOccupationNumberVector.__init__[0;34m(self, occ_orbs)[0m
[1;32m      2[0m [38;5;28;01mdef[39;00m [38;5;21m__init__[39m([38;5;28mself[39m, occ_orbs[38;5;241m=[39m[]):
[1;32m      4[0m     [38;5;28mself[39m[38;5;241m.[39mphase [38;5;241m=[39m [38;5;241m1[39m
[0;32m----> 5[0m     [38;5;28mself[39m[38;5;241m.[39mocc_num_vec [38;5;241m=[39m np[38;5;241m.[39mzeros([43mN[49m, dtype[38;5;241m=[39m[38;5;28mint[39m)
[1;32m      7[0m     [38;5;28;01mfor[39;00m i [38;5;129;01min[39;00m occ_orbs:
[1;32m      9[0m         [38;5;28mself[39m[38;5;241m.[39mocc_num_vec[i] [38;5;241m=[39m [38;5;241m1[39m

[0;31mNameError[0m: name 'N' is not defined
NameError: name 'N' is not defined

