Traceback (most recent call last):
  File "/home/thomas/Notebook/anaconda/lib/python3.7/site-packages/jupyter_cache/executors/utils.py", line 56, in single_nb_execution
    record_timing=False,
  File "/home/thomas/Notebook/anaconda/lib/python3.7/site-packages/nbclient/client.py", line 1087, in execute
    return NotebookClient(nb=nb, resources=resources, km=km, **kwargs).execute()
  File "/home/thomas/Notebook/anaconda/lib/python3.7/site-packages/nbclient/util.py", line 74, in wrapped
    return just_run(coro(*args, **kwargs))
  File "/home/thomas/Notebook/anaconda/lib/python3.7/site-packages/nbclient/util.py", line 53, in just_run
    return loop.run_until_complete(coro)
  File "/home/thomas/Notebook/anaconda/lib/python3.7/asyncio/base_events.py", line 587, in run_until_complete
    return future.result()
  File "/home/thomas/Notebook/anaconda/lib/python3.7/site-packages/nbclient/client.py", line 541, in async_execute
    cell, index, execution_count=self.code_cells_executed + 1
  File "/home/thomas/Notebook/anaconda/lib/python3.7/site-packages/nbclient/client.py", line 832, in async_execute_cell
    self._check_raise_for_error(cell, exec_reply)
  File "/home/thomas/Notebook/anaconda/lib/python3.7/site-packages/nbclient/client.py", line 740, in _check_raise_for_error
    raise CellExecutionError.from_cell_and_msg(cell, exec_reply['content'])
nbclient.exceptions.CellExecutionError: An error occurred while executing the following cell:
------------------
basis_set_label = 'sto-3g'

ethene_xyz = """6
 ethene
 C          0.000000    -0.703984    0.000000
 C          0.000000     0.663984   0.000000
 H          0.919796    -1.223061   0.000000
 H         -0.919796    -1.223061   0.000000
 H          0.919796     1.223061   0.000000
 H         -0.919796     1.223061   0.000000
"""
molecule = vlx.Molecule.from_xyz_string(ethene_xyz)
basis = vlx.MolecularBasis.read(molecule, basis_set_label)
------------------

[0;31m---------------------------------------------------------------------------[0m
[0;31mAttributeError[0m                            Traceback (most recent call last)
[0;32m<ipython-input-2-c24feec82249>[0m in [0;36m<module>[0;34m[0m
[1;32m     10[0m  [0mH[0m         [0;34m-[0m[0;36m0.919796[0m     [0;36m1.223061[0m   [0;36m0.000000[0m[0;34m[0m[0;34m[0m[0m
[1;32m     11[0m """
[0;32m---> 12[0;31m [0mmolecule[0m [0;34m=[0m [0mvlx[0m[0;34m.[0m[0mMolecule[0m[0;34m.[0m[0mfrom_xyz_string[0m[0;34m([0m[0methene_xyz[0m[0;34m)[0m[0;34m[0m[0;34m[0m[0m
[0m[1;32m     13[0m [0mbasis[0m [0;34m=[0m [0mvlx[0m[0;34m.[0m[0mMolecularBasis[0m[0;34m.[0m[0mread[0m[0;34m([0m[0mmolecule[0m[0;34m,[0m [0mbasis_set_label[0m[0;34m)[0m[0;34m[0m[0;34m[0m[0m

[0;31mAttributeError[0m: type object 'veloxchem.veloxchemlib.Molecule' has no attribute 'from_xyz_string'
AttributeError: type object 'veloxchem.veloxchemlib.Molecule' has no attribute 'from_xyz_string'

