Traceback (most recent call last):
  File "/home/thomas/Notebook/anaconda/envs/echem/lib/python3.9/site-packages/jupyter_cache/executors/utils.py", line 51, in single_nb_execution
    executenb(
  File "/home/thomas/Notebook/anaconda/envs/echem/lib/python3.9/site-packages/nbclient/client.py", line 1204, in execute
    return NotebookClient(nb=nb, resources=resources, km=km, **kwargs).execute()
  File "/home/thomas/Notebook/anaconda/envs/echem/lib/python3.9/site-packages/nbclient/util.py", line 84, in wrapped
    return just_run(coro(*args, **kwargs))
  File "/home/thomas/Notebook/anaconda/envs/echem/lib/python3.9/site-packages/nbclient/util.py", line 62, in just_run
    return loop.run_until_complete(coro)
  File "/home/thomas/Notebook/anaconda/envs/echem/lib/python3.9/asyncio/base_events.py", line 647, in run_until_complete
    return future.result()
  File "/home/thomas/Notebook/anaconda/envs/echem/lib/python3.9/site-packages/nbclient/client.py", line 663, in async_execute
    await self.async_execute_cell(
  File "/home/thomas/Notebook/anaconda/envs/echem/lib/python3.9/site-packages/nbclient/client.py", line 965, in async_execute_cell
    await self._check_raise_for_error(cell, cell_index, exec_reply)
  File "/home/thomas/Notebook/anaconda/envs/echem/lib/python3.9/site-packages/nbclient/client.py", line 862, in _check_raise_for_error
    raise CellExecutionError.from_cell_and_msg(cell, exec_reply_content)
nbclient.exceptions.CellExecutionError: An error occurred while executing the following cell:
------------------
Zf = Xf[:n]
Yf = Xf[n:]
T = np.reshape(Zf - Yf, (nocc,nvirt))
U, L, VT = np.linalg.svd(T)

print('Lambda diagonal elements:\n', L)
------------------

[0;31m---------------------------------------------------------------------------[0m
[0;31mNameError[0m                                 Traceback (most recent call last)
Input [0;32mIn [1][0m, in [0;36m<cell line: 1>[0;34m()[0m
[0;32m----> 1[0m Zf [38;5;241m=[39m [43mXf[49m[:n]
[1;32m      2[0m Yf [38;5;241m=[39m Xf[n:]
[1;32m      3[0m T [38;5;241m=[39m np[38;5;241m.[39mreshape(Zf [38;5;241m-[39m Yf, (nocc,nvirt))

[0;31mNameError[0m: name 'Xf' is not defined
NameError: name 'Xf' is not defined

