Traceback (most recent call last):
  File "/home/emi/.local/lib/python3.6/site-packages/jupyter_cache/executors/utils.py", line 56, in single_nb_execution
    record_timing=False,
  File "/home/emi/.local/lib/python3.6/site-packages/nbclient/client.py", line 1093, in execute
    return NotebookClient(nb=nb, resources=resources, km=km, **kwargs).execute()
  File "/home/emi/.local/lib/python3.6/site-packages/nbclient/util.py", line 84, in wrapped
    return just_run(coro(*args, **kwargs))
  File "/home/emi/.local/lib/python3.6/site-packages/nbclient/util.py", line 62, in just_run
    return loop.run_until_complete(coro)
  File "/usr/lib/python3.6/asyncio/base_events.py", line 484, in run_until_complete
    return future.result()
  File "/home/emi/.local/lib/python3.6/site-packages/nbclient/client.py", line 560, in async_execute
    cell, index, execution_count=self.code_cells_executed + 1
  File "/home/emi/.local/lib/python3.6/site-packages/nbclient/client.py", line 854, in async_execute_cell
    self._check_raise_for_error(cell, exec_reply)
  File "/home/emi/.local/lib/python3.6/site-packages/nbclient/client.py", line 756, in _check_raise_for_error
    raise CellExecutionError.from_cell_and_msg(cell, exec_reply_content)
nbclient.exceptions.CellExecutionError: An error occurred while executing the following cell:
------------------
# Prepare molecule and basis objects
molecule = vlx.Molecule.read_str(water_xyz)
basis = vlx.MolecularBasis.read(molecule, "6-31G")
# SCF calculation
scf_drv = vlx.ScfRestrictedDriver(comm, ostream=silent_ostream)
scf_drv.compute(molecule, basis)
# Active space settings
space = mtp.OrbSpace(molecule, scf_drv.mol_orbs)
space.CAS(6,5) #3 O_2p and 2 H_1s
# CASSCF calculation
mcscf_drv = mtp.McscfDriver(molecule, basis, space)
mcscf_drv.compute(8) #8 excited states
# Transition properties
SI = mtp.InterState(molecule, basis, mcscf_drv.CIVecs)
DipOsc = SI.diposc()
------------------

[0;31m---------------------------------------------------------------------------[0m
[0;31mTypeError[0m                                 Traceback (most recent call last)
[0;32m<ipython-input-11-838b4eeca776>[0m in [0;36m<module>[0;34m[0m
[1;32m      9[0m [0mspace[0m[0;34m.[0m[0mCAS[0m[0;34m([0m[0;36m6[0m[0;34m,[0m[0;36m5[0m[0;34m)[0m [0;31m#3 O_2p and 2 H_1s[0m[0;34m[0m[0;34m[0m[0m
[1;32m     10[0m [0;31m# CASSCF calculation[0m[0;34m[0m[0;34m[0m[0;34m[0m[0m
[0;32m---> 11[0;31m [0mmcscf_drv[0m [0;34m=[0m [0mmtp[0m[0;34m.[0m[0mMcscfDriver[0m[0;34m([0m[0mmolecule[0m[0;34m,[0m [0mbasis[0m[0;34m,[0m [0mspace[0m[0;34m)[0m[0;34m[0m[0;34m[0m[0m
[0m[1;32m     12[0m [0mmcscf_drv[0m[0;34m.[0m[0mcompute[0m[0;34m([0m[0;36m8[0m[0;34m)[0m [0;31m#8 excited states[0m[0;34m[0m[0;34m[0m[0m
[1;32m     13[0m [0;31m# Transition properties[0m[0;34m[0m[0;34m[0m[0;34m[0m[0m

[0;31mTypeError[0m: __init__() takes from 1 to 3 positional arguments but 4 were given
TypeError: __init__() takes from 1 to 3 positional arguments but 4 were given

