Traceback (most recent call last):
  File "/home/thomas/Notebook/anaconda/envs/echem/lib/python3.9/site-packages/jupyter_cache/executors/utils.py", line 51, in single_nb_execution
    executenb(
  File "/home/thomas/Notebook/anaconda/envs/echem/lib/python3.9/site-packages/nbclient/client.py", line 1204, in execute
    return NotebookClient(nb=nb, resources=resources, km=km, **kwargs).execute()
  File "/home/thomas/Notebook/anaconda/envs/echem/lib/python3.9/site-packages/nbclient/util.py", line 84, in wrapped
    return just_run(coro(*args, **kwargs))
  File "/home/thomas/Notebook/anaconda/envs/echem/lib/python3.9/site-packages/nbclient/util.py", line 62, in just_run
    return loop.run_until_complete(coro)
  File "/home/thomas/Notebook/anaconda/envs/echem/lib/python3.9/asyncio/base_events.py", line 647, in run_until_complete
    return future.result()
  File "/home/thomas/Notebook/anaconda/envs/echem/lib/python3.9/site-packages/nbclient/client.py", line 663, in async_execute
    await self.async_execute_cell(
  File "/home/thomas/Notebook/anaconda/envs/echem/lib/python3.9/site-packages/nbclient/client.py", line 965, in async_execute_cell
    await self._check_raise_for_error(cell, cell_index, exec_reply)
  File "/home/thomas/Notebook/anaconda/envs/echem/lib/python3.9/site-packages/nbclient/client.py", line 862, in _check_raise_for_error
    raise CellExecutionError.from_cell_and_msg(cell, exec_reply_content)
nbclient.exceptions.CellExecutionError: An error occurred while executing the following cell:
------------------
plt.figure(figsize=(6, 4))

# ADC(3)
x, y = au2ev * adc_results.excitation_energy, adc_res.oscillator_strength
xi, yi = lorentzian(x, y, xmin, xmax, 0.01, 0.5)
plt.plot(xi, yi)

# SA-MCSCF
x = au2ev * DipOsc["energies"]
y = DipOsc["oscillator_strengths"]
xi, yi = lorentzian(x, y, xmin, xmax, 0.01, 0.5)
plt.plot(xi, yi)
plt.legend(("ADC(3)", "SA-MCSCF"))
plt.xlim((xmin, xmax))
plt.tight_layout()
plt.show()
------------------

[0;31m---------------------------------------------------------------------------[0m
[0;31mNameError[0m                                 Traceback (most recent call last)
Cell [0;32mIn[13], line 4[0m
[1;32m      1[0m plt[38;5;241m.[39mfigure(figsize[38;5;241m=[39m([38;5;241m6[39m, [38;5;241m4[39m))
[1;32m      3[0m [38;5;66;03m# ADC(3)[39;00m
[0;32m----> 4[0m x, y [38;5;241m=[39m au2ev [38;5;241m*[39m adc_results[38;5;241m.[39mexcitation_energy, [43madc_res[49m[38;5;241m.[39moscillator_strength
[1;32m      5[0m xi, yi [38;5;241m=[39m lorentzian(x, y, xmin, xmax, [38;5;241m0.01[39m, [38;5;241m0.5[39m)
[1;32m      6[0m plt[38;5;241m.[39mplot(xi, yi)

[0;31mNameError[0m: name 'adc_res' is not defined
NameError: name 'adc_res' is not defined

