Traceback (most recent call last):
  File "/home/thomas/Notebook/anaconda/envs/echem/lib/python3.10/site-packages/jupyter_cache/executors/utils.py", line 51, in single_nb_execution
    executenb(
  File "/home/thomas/Notebook/anaconda/envs/echem/lib/python3.10/site-packages/nbclient/client.py", line 1204, in execute
    return NotebookClient(nb=nb, resources=resources, km=km, **kwargs).execute()
  File "/home/thomas/Notebook/anaconda/envs/echem/lib/python3.10/site-packages/nbclient/util.py", line 84, in wrapped
    return just_run(coro(*args, **kwargs))
  File "/home/thomas/Notebook/anaconda/envs/echem/lib/python3.10/site-packages/nbclient/util.py", line 62, in just_run
    return loop.run_until_complete(coro)
  File "/home/thomas/Notebook/anaconda/envs/echem/lib/python3.10/asyncio/base_events.py", line 649, in run_until_complete
    return future.result()
  File "/home/thomas/Notebook/anaconda/envs/echem/lib/python3.10/site-packages/nbclient/client.py", line 663, in async_execute
    await self.async_execute_cell(
  File "/home/thomas/Notebook/anaconda/envs/echem/lib/python3.10/site-packages/nbclient/client.py", line 965, in async_execute_cell
    await self._check_raise_for_error(cell, cell_index, exec_reply)
  File "/home/thomas/Notebook/anaconda/envs/echem/lib/python3.10/site-packages/nbclient/client.py", line 862, in _check_raise_for_error
    raise CellExecutionError.from_cell_and_msg(cell, exec_reply_content)
nbclient.exceptions.CellExecutionError: An error occurred while executing the following cell:
------------------
print("This is the bending mode at 1927.09 cm-1.")
view = p3d.view(width=300, height=300)
view.addModel(vib_1, "xyz", {'vibrate': {'frames':10,'amplitude':0.75}})
viewer.setViewStyle({"style": "outline", "width": 0.05})
viewer.setStyle({"stick":{},"sphere": {"scale":0.25}})
view.animate({'loop': 'backAndForth'})
view.rotate(-90, "x")
view.zoomTo()
view.show()
------------------

[0;31m---------------------------------------------------------------------------[0m
[0;31mNameError[0m                                 Traceback (most recent call last)
Cell [0;32mIn[12], line 4[0m
[1;32m      2[0m view [38;5;241m=[39m p3d[38;5;241m.[39mview(width[38;5;241m=[39m[38;5;241m300[39m, height[38;5;241m=[39m[38;5;241m300[39m)
[1;32m      3[0m view[38;5;241m.[39maddModel(vib_1, [38;5;124m"[39m[38;5;124mxyz[39m[38;5;124m"[39m, {[38;5;124m'[39m[38;5;124mvibrate[39m[38;5;124m'[39m: {[38;5;124m'[39m[38;5;124mframes[39m[38;5;124m'[39m:[38;5;241m10[39m,[38;5;124m'[39m[38;5;124mamplitude[39m[38;5;124m'[39m:[38;5;241m0.75[39m}})
[0;32m----> 4[0m [43mviewer[49m[38;5;241m.[39msetViewStyle({[38;5;124m"[39m[38;5;124mstyle[39m[38;5;124m"[39m: [38;5;124m"[39m[38;5;124moutline[39m[38;5;124m"[39m, [38;5;124m"[39m[38;5;124mwidth[39m[38;5;124m"[39m: [38;5;241m0.05[39m})
[1;32m      5[0m viewer[38;5;241m.[39msetStyle({[38;5;124m"[39m[38;5;124mstick[39m[38;5;124m"[39m:{},[38;5;124m"[39m[38;5;124msphere[39m[38;5;124m"[39m: {[38;5;124m"[39m[38;5;124mscale[39m[38;5;124m"[39m:[38;5;241m0.25[39m}})
[1;32m      6[0m view[38;5;241m.[39manimate({[38;5;124m'[39m[38;5;124mloop[39m[38;5;124m'[39m: [38;5;124m'[39m[38;5;124mbackAndForth[39m[38;5;124m'[39m})

[0;31mNameError[0m: name 'viewer' is not defined
NameError: name 'viewer' is not defined

