Traceback (most recent call last):
  File "/home/thomas/Notebook/anaconda/lib/python3.7/site-packages/jupyter_cache/executors/utils.py", line 56, in single_nb_execution
    record_timing=False,
  File "/home/thomas/Notebook/anaconda/lib/python3.7/site-packages/nbclient/client.py", line 1204, in execute
    return NotebookClient(nb=nb, resources=resources, km=km, **kwargs).execute()
  File "/home/thomas/Notebook/anaconda/lib/python3.7/site-packages/nbclient/util.py", line 84, in wrapped
    return just_run(coro(*args, **kwargs))
  File "/home/thomas/Notebook/anaconda/lib/python3.7/site-packages/nbclient/util.py", line 62, in just_run
    return loop.run_until_complete(coro)
  File "/home/thomas/Notebook/anaconda/lib/python3.7/asyncio/base_events.py", line 587, in run_until_complete
    return future.result()
  File "/home/thomas/Notebook/anaconda/lib/python3.7/site-packages/nbclient/client.py", line 664, in async_execute
    cell, index, execution_count=self.code_cells_executed + 1
  File "/home/thomas/Notebook/anaconda/lib/python3.7/site-packages/nbclient/client.py", line 965, in async_execute_cell
    await self._check_raise_for_error(cell, cell_index, exec_reply)
  File "/home/thomas/Notebook/anaconda/lib/python3.7/site-packages/nbclient/client.py", line 862, in _check_raise_for_error
    raise CellExecutionError.from_cell_and_msg(cell, exec_reply_content)
nbclient.exceptions.CellExecutionError: An error occurred while executing the following cell:
------------------
# define molecules and basis sets
ethene_xyz = """6
 ethene
 C          0.000000    -0.663984   0.000000
 C          0.000000     0.663984   0.000000
 H          0.919796    -1.223061   0.000000
 H         -0.919796    -1.223061   0.000000
 H          0.919796     1.223061   0.000000
 H         -0.919796     1.223061   0.000000
"""
ethene = vlx.Molecule.from_xyz_string(ethene_xyz)
ethene_basis = vlx.MolecularBasis.read(ethene, basis_set_label)
------------------

[0;31m---------------------------------------------------------------------------[0m
[0;31mAttributeError[0m                            Traceback (most recent call last)
[0;32m/tmp/ipykernel_13296/615125905.py[0m in [0;36m<module>[0;34m[0m
[1;32m      9[0m  [0mH[0m         [0;34m-[0m[0;36m0.919796[0m     [0;36m1.223061[0m   [0;36m0.000000[0m[0;34m[0m[0;34m[0m[0m
[1;32m     10[0m """
[0;32m---> 11[0;31m [0methene[0m [0;34m=[0m [0mvlx[0m[0;34m.[0m[0mMolecule[0m[0;34m.[0m[0mfrom_xyz_string[0m[0;34m([0m[0methene_xyz[0m[0;34m)[0m[0;34m[0m[0;34m[0m[0m
[0m[1;32m     12[0m [0methene_basis[0m [0;34m=[0m [0mvlx[0m[0;34m.[0m[0mMolecularBasis[0m[0;34m.[0m[0mread[0m[0;34m([0m[0methene[0m[0;34m,[0m [0mbasis_set_label[0m[0;34m)[0m[0;34m[0m[0;34m[0m[0m

[0;31mAttributeError[0m: type object 'veloxchem.veloxchemlib.Molecule' has no attribute 'from_xyz_string'
AttributeError: type object 'veloxchem.veloxchemlib.Molecule' has no attribute 'from_xyz_string'

