Traceback (most recent call last):
  File "/home/thomas/Notebook/anaconda/envs/echem/lib/python3.10/site-packages/jupyter_cache/executors/utils.py", line 51, in single_nb_execution
    executenb(
  File "/home/thomas/Notebook/anaconda/envs/echem/lib/python3.10/site-packages/nbclient/client.py", line 1204, in execute
    return NotebookClient(nb=nb, resources=resources, km=km, **kwargs).execute()
  File "/home/thomas/Notebook/anaconda/envs/echem/lib/python3.10/site-packages/nbclient/util.py", line 84, in wrapped
    return just_run(coro(*args, **kwargs))
  File "/home/thomas/Notebook/anaconda/envs/echem/lib/python3.10/site-packages/nbclient/util.py", line 62, in just_run
    return loop.run_until_complete(coro)
  File "/home/thomas/Notebook/anaconda/envs/echem/lib/python3.10/asyncio/base_events.py", line 649, in run_until_complete
    return future.result()
  File "/home/thomas/Notebook/anaconda/envs/echem/lib/python3.10/site-packages/nbclient/client.py", line 663, in async_execute
    await self.async_execute_cell(
  File "/home/thomas/Notebook/anaconda/envs/echem/lib/python3.10/site-packages/nbclient/client.py", line 965, in async_execute_cell
    await self._check_raise_for_error(cell, cell_index, exec_reply)
  File "/home/thomas/Notebook/anaconda/envs/echem/lib/python3.10/site-packages/nbclient/client.py", line 862, in _check_raise_for_error
    raise CellExecutionError.from_cell_and_msg(cell, exec_reply_content)
nbclient.exceptions.CellExecutionError: An error occurred while executing the following cell:
------------------
# Create a Hessian driver object, update settings, and compute 
h2o_hessian_drv = vlx.scfhessiandriver.ScfHessianDriver(h2o_scf_drv)
h2o_hessian_drv.update_settings(method_settings, hessian_settings)

nh3_hessian_drv = vlx.scfhessiandriver.ScfHessianDriver(nh3_scf_drv)
nh3_hessian_drv.update_settings(method_settings, hessian_settings)

ch4_hessian_drv = vlx.scfhessiandriver.ScfHessianDriver(ch4_scf_drv)
ch4_hessian_drv.update_settings(method_settings, hessian_settings)
------------------

[0;31m---------------------------------------------------------------------------[0m
[0;31mAttributeError[0m                            Traceback (most recent call last)
Cell [0;32mIn[5], line 2[0m
[1;32m      1[0m [38;5;66;03m# Create a Hessian driver object, update settings, and compute [39;00m
[0;32m----> 2[0m h2o_hessian_drv [38;5;241m=[39m [43mvlx[49m[38;5;241;43m.[39;49m[43mscfhessiandriver[49m[38;5;241;43m.[39;49m[43mScfHessianDriver[49m[43m([49m[43mh2o_scf_drv[49m[43m)[49m
[1;32m      3[0m h2o_hessian_drv[38;5;241m.[39mupdate_settings(method_settings, hessian_settings)
[1;32m      5[0m nh3_hessian_drv [38;5;241m=[39m vlx[38;5;241m.[39mscfhessiandriver[38;5;241m.[39mScfHessianDriver(nh3_scf_drv)

File [0;32m~/Notebook/anaconda/envs/echem/lib/python3.10/site-packages/veloxchem/scfhessiandriver.py:56[0m, in [0;36mScfHessianDriver.__init__[0;34m(self, comm, ostream)[0m
[1;32m     51[0m [38;5;28;01mdef[39;00m [38;5;21m__init__[39m([38;5;28mself[39m, comm[38;5;241m=[39m[38;5;28;01mNone[39;00m, ostream[38;5;241m=[39m[38;5;28;01mNone[39;00m):
[1;32m     52[0m [38;5;250m    [39m[38;5;124;03m"""[39;00m
[1;32m     53[0m [38;5;124;03m    Initializes SCF Hessian driver.[39;00m
[1;32m     54[0m [38;5;124;03m    """[39;00m
[0;32m---> 56[0m     [38;5;28;43msuper[39;49m[43m([49m[43m)[49m[38;5;241;43m.[39;49m[38;5;21;43m__init__[39;49m[43m([49m[43mcomm[49m[43m,[49m[43m [49m[43mostream[49m[43m)[49m
[1;32m     58[0m     [38;5;28mself[39m[38;5;241m.[39mflag [38;5;241m=[39m [38;5;124m'[39m[38;5;124mSCF Hessian Driver[39m[38;5;124m'[39m
[1;32m     59[0m     [38;5;28mself[39m[38;5;241m.[39mdo_raman [38;5;241m=[39m [38;5;28;01mFalse[39;00m

File [0;32m~/Notebook/anaconda/envs/echem/lib/python3.10/site-packages/veloxchem/hessiandriver.py:88[0m, in [0;36mHessianDriver.__init__[0;34m(self, comm, ostream)[0m
[1;32m     85[0m     comm [38;5;241m=[39m MPI[38;5;241m.[39mCOMM_WORLD
[1;32m     87[0m [38;5;28;01mif[39;00m ostream [38;5;129;01mis[39;00m [38;5;28;01mNone[39;00m:
[0;32m---> 88[0m     [38;5;28;01mif[39;00m [43mcomm[49m[38;5;241;43m.[39;49m[43mGet_rank[49m() [38;5;241m==[39m mpi_master():
[1;32m     89[0m         ostream [38;5;241m=[39m OutputStream(sys[38;5;241m.[39mstdout)
[1;32m     90[0m     [38;5;28;01melse[39;00m:

[0;31mAttributeError[0m: 'ScfRestrictedDriver' object has no attribute 'Get_rank'
AttributeError: 'ScfRestrictedDriver' object has no attribute 'Get_rank'

