Traceback (most recent call last):
  File "/home/thomas/Notebook/anaconda/envs/echem/lib/python3.9/site-packages/jupyter_cache/executors/utils.py", line 51, in single_nb_execution
    executenb(
  File "/home/thomas/Notebook/anaconda/envs/echem/lib/python3.9/site-packages/nbclient/client.py", line 1204, in execute
    return NotebookClient(nb=nb, resources=resources, km=km, **kwargs).execute()
  File "/home/thomas/Notebook/anaconda/envs/echem/lib/python3.9/site-packages/nbclient/util.py", line 84, in wrapped
    return just_run(coro(*args, **kwargs))
  File "/home/thomas/Notebook/anaconda/envs/echem/lib/python3.9/site-packages/nbclient/util.py", line 62, in just_run
    return loop.run_until_complete(coro)
  File "/home/thomas/Notebook/anaconda/envs/echem/lib/python3.9/asyncio/base_events.py", line 647, in run_until_complete
    return future.result()
  File "/home/thomas/Notebook/anaconda/envs/echem/lib/python3.9/site-packages/nbclient/client.py", line 663, in async_execute
    await self.async_execute_cell(
  File "/home/thomas/Notebook/anaconda/envs/echem/lib/python3.9/site-packages/nbclient/client.py", line 965, in async_execute_cell
    await self._check_raise_for_error(cell, cell_index, exec_reply)
  File "/home/thomas/Notebook/anaconda/envs/echem/lib/python3.9/site-packages/nbclient/client.py", line 862, in _check_raise_for_error
    raise CellExecutionError.from_cell_and_msg(cell, exec_reply_content)
nbclient.exceptions.CellExecutionError: An error occurred while executing the following cell:
------------------
# Create veloxchem mol and basis objects
mol_vlx = vlx.Molecule.from_xyz_string(thymine_xyz)
bas_vlx = vlx.MolecularBasis.read(mol_vlx, "sto-3g")

# Perform SCF calculation
scf_gs = vlx.ScfRestrictedDriver()
scf_gs.compute(mol_vlx, bas_vlx)
------------------

[0;31m---------------------------------------------------------------------------[0m
[0;31mNameError[0m                                 Traceback (most recent call last)
Input [0;32mIn [2][0m, in [0;36m<cell line: 2>[0;34m()[0m
[1;32m      1[0m [38;5;66;03m# Create veloxchem mol and basis objects[39;00m
[0;32m----> 2[0m mol_vlx [38;5;241m=[39m vlx[38;5;241m.[39mMolecule[38;5;241m.[39mfrom_xyz_string([43mthymine_xyz[49m)
[1;32m      3[0m bas_vlx [38;5;241m=[39m vlx[38;5;241m.[39mMolecularBasis[38;5;241m.[39mread(mol_vlx, [38;5;124m"[39m[38;5;124msto-3g[39m[38;5;124m"[39m)
[1;32m      5[0m [38;5;66;03m# Perform SCF calculation[39;00m

[0;31mNameError[0m: name 'thymine_xyz' is not defined
NameError: name 'thymine_xyz' is not defined

