Traceback (most recent call last):
  File "/home/thomas/Notebook/anaconda/envs/echem_test/lib/python3.9/site-packages/jupyter_cache/executors/utils.py", line 51, in single_nb_execution
    executenb(
  File "/home/thomas/Notebook/anaconda/envs/echem_test/lib/python3.9/site-packages/nbclient/client.py", line 1204, in execute
    return NotebookClient(nb=nb, resources=resources, km=km, **kwargs).execute()
  File "/home/thomas/Notebook/anaconda/envs/echem_test/lib/python3.9/site-packages/nbclient/util.py", line 84, in wrapped
    return just_run(coro(*args, **kwargs))
  File "/home/thomas/Notebook/anaconda/envs/echem_test/lib/python3.9/site-packages/nbclient/util.py", line 62, in just_run
    return loop.run_until_complete(coro)
  File "/home/thomas/Notebook/anaconda/envs/echem_test/lib/python3.9/asyncio/base_events.py", line 647, in run_until_complete
    return future.result()
  File "/home/thomas/Notebook/anaconda/envs/echem_test/lib/python3.9/site-packages/nbclient/client.py", line 663, in async_execute
    await self.async_execute_cell(
  File "/home/thomas/Notebook/anaconda/envs/echem_test/lib/python3.9/site-packages/nbclient/client.py", line 965, in async_execute_cell
    await self._check_raise_for_error(cell, cell_index, exec_reply)
  File "/home/thomas/Notebook/anaconda/envs/echem_test/lib/python3.9/site-packages/nbclient/client.py", line 862, in _check_raise_for_error
    raise CellExecutionError.from_cell_and_msg(cell, exec_reply_content)
nbclient.exceptions.CellExecutionError: An error occurred while executing the following cell:
------------------

AllChem.EmbedMolecule(m3)
AllChem.UFFOptimizeMolecule(m3)
mol_xyz = Chem.MolToXYZBlock(m3)
print(mol_xyz)

viewer = py3Dmol.view(width=400, height=300)
# black outline for nicer-looking figures
viewer.setViewStyle({"style": "outline", "color": "black", "width": 0.1})
viewer.addModel(mol_xyz)
# visualize with the stick option - can also consider spheres and more
viewer.setStyle({"stick": {}})
# rotate for a better initial view
viewer.rotate(-90, "y")
viewer.show()
------------------

[0;31m---------------------------------------------------------------------------[0m
[0;31mNameError[0m                                 Traceback (most recent call last)
Cell [0;32mIn[8], line 1[0m
[0;32m----> 1[0m AllChem[38;5;241m.[39mEmbedMolecule([43mm3[49m)
[1;32m      2[0m AllChem[38;5;241m.[39mUFFOptimizeMolecule(m3)
[1;32m      3[0m mol_xyz [38;5;241m=[39m Chem[38;5;241m.[39mMolToXYZBlock(m3)

[0;31mNameError[0m: name 'm3' is not defined
NameError: name 'm3' is not defined

