Traceback (most recent call last):
  File "/home/thomas/Notebook/anaconda/envs/echem_test/lib/python3.9/site-packages/jupyter_cache/executors/utils.py", line 51, in single_nb_execution
    executenb(
  File "/home/thomas/Notebook/anaconda/envs/echem_test/lib/python3.9/site-packages/nbclient/client.py", line 1204, in execute
    return NotebookClient(nb=nb, resources=resources, km=km, **kwargs).execute()
  File "/home/thomas/Notebook/anaconda/envs/echem_test/lib/python3.9/site-packages/nbclient/util.py", line 84, in wrapped
    return just_run(coro(*args, **kwargs))
  File "/home/thomas/Notebook/anaconda/envs/echem_test/lib/python3.9/site-packages/nbclient/util.py", line 62, in just_run
    return loop.run_until_complete(coro)
  File "/home/thomas/Notebook/anaconda/envs/echem_test/lib/python3.9/asyncio/base_events.py", line 647, in run_until_complete
    return future.result()
  File "/home/thomas/Notebook/anaconda/envs/echem_test/lib/python3.9/site-packages/nbclient/client.py", line 663, in async_execute
    await self.async_execute_cell(
  File "/home/thomas/Notebook/anaconda/envs/echem_test/lib/python3.9/site-packages/nbclient/client.py", line 965, in async_execute_cell
    await self._check_raise_for_error(cell, cell_index, exec_reply)
  File "/home/thomas/Notebook/anaconda/envs/echem_test/lib/python3.9/site-packages/nbclient/client.py", line 862, in _check_raise_for_error
    raise CellExecutionError.from_cell_and_msg(cell, exec_reply_content)
nbclient.exceptions.CellExecutionError: An error occurred while executing the following cell:
------------------
methanol = vlx.Molecule.from_xyz_string(methanol_uff)
xtb_drv = vlx.XtbDriver()
xtb_drv.set_method(method_settings['xtb'].lower())
xtb_drv.compute(ethanol, ostream)
xtb_grad_drv = vlx.XtbGradientDriver(xtb_drv)
xtb_opt_drv = vlx.OptimizationDriver(xtb_grad_drv)
xtb_opt = xtb_opt_drv.compute(methanol)
------------------

[0;31m---------------------------------------------------------------------------[0m
[0;31mNameError[0m                                 Traceback (most recent call last)
Cell [0;32mIn[3], line 3[0m
[1;32m      1[0m methanol [38;5;241m=[39m vlx[38;5;241m.[39mMolecule[38;5;241m.[39mfrom_xyz_string(methanol_uff)
[1;32m      2[0m xtb_drv [38;5;241m=[39m vlx[38;5;241m.[39mXtbDriver()
[0;32m----> 3[0m xtb_drv[38;5;241m.[39mset_method([43mmethod_settings[49m[[38;5;124m'[39m[38;5;124mxtb[39m[38;5;124m'[39m][38;5;241m.[39mlower())
[1;32m      4[0m xtb_drv[38;5;241m.[39mcompute(ethanol, ostream)
[1;32m      5[0m xtb_grad_drv [38;5;241m=[39m vlx[38;5;241m.[39mXtbGradientDriver(xtb_drv)

[0;31mNameError[0m: name 'method_settings' is not defined
NameError: name 'method_settings' is not defined

