Traceback (most recent call last):
  File "/opt/anaconda3/envs/vlxenv/lib/python3.9/site-packages/jupyter_cache/executors/utils.py", line 51, in single_nb_execution
    executenb(
  File "/opt/anaconda3/envs/vlxenv/lib/python3.9/site-packages/nbclient/client.py", line 1112, in execute
    return NotebookClient(nb=nb, resources=resources, km=km, **kwargs).execute()
  File "/opt/anaconda3/envs/vlxenv/lib/python3.9/site-packages/nbclient/util.py", line 74, in wrapped
    return just_run(coro(*args, **kwargs))
  File "/opt/anaconda3/envs/vlxenv/lib/python3.9/site-packages/nbclient/util.py", line 53, in just_run
    return loop.run_until_complete(coro)
  File "/opt/anaconda3/envs/vlxenv/lib/python3.9/asyncio/base_events.py", line 642, in run_until_complete
    return future.result()
  File "/opt/anaconda3/envs/vlxenv/lib/python3.9/site-packages/nbclient/client.py", line 553, in async_execute
    await self.async_execute_cell(
  File "/opt/anaconda3/envs/vlxenv/lib/python3.9/site-packages/nbclient/client.py", line 857, in async_execute_cell
    self._check_raise_for_error(cell, exec_reply)
  File "/opt/anaconda3/envs/vlxenv/lib/python3.9/site-packages/nbclient/client.py", line 760, in _check_raise_for_error
    raise CellExecutionError.from_cell_and_msg(cell, exec_reply_content)
nbclient.exceptions.CellExecutionError: An error occurred while executing the following cell:
------------------
n1_HF = 2 * sigma_g**2
n1_CI = CIDM[0,0] * sigma_g**2 + CIDM[1,1] * sigma_u**2

fig = plt.figure(1)
plt.axes()
plt.plot(coords[:,2], n1_HF)
plt.plot(coords[:,2], n1_CID)

plt.axvline(x=Hz, color='0.5', linewidth = 0.7, dashes = [3,1,3,1])
plt.axvline(x=-Hz, color='0.5', linewidth = 0.7, dashes = [3,1,3,1])
plt.setp(plt.gca(), xlim = (-3,3), ylim = (0,0.4))
------------------

[0;31m---------------------------------------------------------------------------[0m
[0;31mNameError[0m                                 Traceback (most recent call last)
[0;32m<ipython-input-5-f00fc76416c4>[0m in [0;36m<module>[0;34m[0m
[1;32m      5[0m [0mplt[0m[0;34m.[0m[0maxes[0m[0;34m([0m[0;34m)[0m[0;34m[0m[0;34m[0m[0m
[1;32m      6[0m [0mplt[0m[0;34m.[0m[0mplot[0m[0;34m([0m[0mcoords[0m[0;34m[[0m[0;34m:[0m[0;34m,[0m[0;36m2[0m[0;34m][0m[0;34m,[0m [0mn1_HF[0m[0;34m)[0m[0;34m[0m[0;34m[0m[0m
[0;32m----> 7[0;31m [0mplt[0m[0;34m.[0m[0mplot[0m[0;34m([0m[0mcoords[0m[0;34m[[0m[0;34m:[0m[0;34m,[0m[0;36m2[0m[0;34m][0m[0;34m,[0m [0mn1_CID[0m[0;34m)[0m[0;34m[0m[0;34m[0m[0m
[0m[1;32m      8[0m [0;34m[0m[0m
[1;32m      9[0m [0mplt[0m[0;34m.[0m[0maxvline[0m[0;34m([0m[0mx[0m[0;34m=[0m[0mHz[0m[0;34m,[0m [0mcolor[0m[0;34m=[0m[0;34m'0.5'[0m[0;34m,[0m [0mlinewidth[0m [0;34m=[0m [0;36m0.7[0m[0;34m,[0m [0mdashes[0m [0;34m=[0m [0;34m[[0m[0;36m3[0m[0;34m,[0m[0;36m1[0m[0;34m,[0m[0;36m3[0m[0;34m,[0m[0;36m1[0m[0;34m][0m[0;34m)[0m[0;34m[0m[0;34m[0m[0m

[0;31mNameError[0m: name 'n1_CID' is not defined
NameError: name 'n1_CID' is not defined

