Traceback (most recent call last):
  File "/home/thomas/Notebook/anaconda/envs/echem/lib/python3.10/site-packages/jupyter_cache/executors/utils.py", line 58, in single_nb_execution
    executenb(
  File "/home/thomas/Notebook/anaconda/envs/echem/lib/python3.10/site-packages/nbclient/client.py", line 1305, in execute
    return NotebookClient(nb=nb, resources=resources, km=km, **kwargs).execute()
  File "/home/thomas/Notebook/anaconda/envs/echem/lib/python3.10/site-packages/jupyter_core/utils/__init__.py", line 166, in wrapped
    return loop.run_until_complete(inner)
  File "/home/thomas/Notebook/anaconda/envs/echem/lib/python3.10/asyncio/base_events.py", line 649, in run_until_complete
    return future.result()
  File "/home/thomas/Notebook/anaconda/envs/echem/lib/python3.10/site-packages/nbclient/client.py", line 705, in async_execute
    await self.async_execute_cell(
  File "/home/thomas/Notebook/anaconda/envs/echem/lib/python3.10/site-packages/nbclient/client.py", line 1058, in async_execute_cell
    await self._check_raise_for_error(cell, cell_index, exec_reply)
  File "/home/thomas/Notebook/anaconda/envs/echem/lib/python3.10/site-packages/nbclient/client.py", line 914, in _check_raise_for_error
    raise CellExecutionError.from_cell_and_msg(cell, exec_reply_content)
nbclient.exceptions.CellExecutionError: An error occurred while executing the following cell:
------------------
scf_drv = vlx.ScfRestrictedDriver()

# Energy
scf_results= scf_drv.compute(molecule, basis)
energy = scf_drv.get_scf_energy()

# Gradient
scf_grad_drv = vlx.ScfGradientDriver(scf_drv)
scf_grad_drv.compute(molecule, basis)
gradient = scf_grad_drv.gradient

# Hessian
scf_hessian_drv = vlx.ScfHessianDriver(scf_drv)
scf_hessian_drv.compute(molecule, basis)
hessian = scf_hessian_drv.hessian
------------------

----- stdout -----
                                                                                                                          
                                            Self Consistent Field Driver Setup                                            
                                           ====================================                                           
                                                                                                                          
                   Wave Function Model             : Spin-Restricted Hartree-Fock                                         
                   Initial Guess Model             : Superposition of Atomic Densities                                    
                   Convergence Accelerator         : Two Level Direct Inversion of Iterative Subspace                     
                   Max. Number of Iterations       : 50                                                                   
                   Max. Number of Error Vectors    : 10                                                                   
                   Convergence Threshold           : 1.0e-06                                                              
                   ERI Screening Scheme            : Cauchy Schwarz + Density                                             
                   ERI Screening Mode              : Dynamic                                                              
                   ERI Screening Threshold         : 1.0e-12                                                              
                   Linear Dependence Threshold     : 1.0e-06                                                              
                                                                                                                          
* Info * Nuclear repulsion energy: 8.6203186612 a.u.                                                                      
                                                                                                                          
* Info * Overlap matrix computed in 0.00 sec.                                                                             
                                                                                                                          
* Info * Kinetic energy matrix computed in 0.00 sec.                                                                      
                                                                                                                          
* Info * Nuclear potential matrix computed in 0.00 sec.
----- stdout -----
* Info * Orthogonalization matrix computed in 0.02 sec.
----- stdout -----
* Info * SAD initial guess computed in 0.00 sec.
----- stdout -----
* Info * Starting Reduced Basis SCF calculation...                                                                        
* Info * ...done. SCF energy in reduced basis set: -74.947250973879 a.u. Time: 0.06 sec.
----- stdout -----
* Info * Overlap matrix computed in 0.00 sec.                                                                             
                                                                                                                          
* Info * Kinetic energy matrix computed in 0.00 sec.                                                                      
                                                                                                                          
* Info * Nuclear potential matrix computed in 0.00 sec.
----- stdout -----
* Info * Orthogonalization matrix computed in 0.00 sec.
----- stdout -----
                                                                                                                          
               Iter. | Hartree-Fock Energy | Energy Change | Gradient Norm | Max. Gradient | Density Change               
               --------------------------------------------------------------------------------------------               
                  1       -74.947250981137    0.0000000000      0.00006046      0.00001095      0.00000000
----- stdout -----
                  2       -74.947250982569   -0.0000000014      0.00001394      0.00000251      0.00006130
----- stdout -----
                  3       -74.947250982655   -0.0000000001      0.00000159      0.00000036      0.00001805
----- stdout -----
                  4       -74.947250982655   -0.0000000000      0.00000011      0.00000002      0.00000116
----- stdout -----
                                                                                                                          
               *** SCF converged in 4 iterations. Time: 0.04 sec.
----- stdout -----
               Spin-Restricted Hartree-Fock:                                                                              
               -----------------------------                                                                              
               Total Energy                       :      -74.9472509827 a.u.                                              
               Electronic Energy                  :      -83.5675696438 a.u.                                              
               Nuclear Repulsion Energy           :        8.6203186612 a.u.                                              
               ------------------------------------                                                                       
               Gradient Norm                      :        0.0000001106 a.u.                                              
                                                                                                                          
                                                                                                                          
               Ground State Information                                                                                   
               ------------------------                                                                                   
               Charge of Molecule            :  0.0                                                                       
               Multiplicity (2S+1)           :  1.0                                                                       
               Magnetic Quantum Number (M_S) :  0.0                                                                       
                                                                                                                          
                                                                                                                          
                                                 Spin Restricted Orbitals                                                 
                                                 ------------------------                                                 
                                                                                                                          
               Molecular Orbital No.   1:                                                                                 
               --------------------------                                                                                 
               Occupation: 2.000 Energy:  -20.24331 a.u.                                                                  
               (   1 O   1s  :     0.99)                                                                                  
                                                                                                                          
               Molecular Orbital No.   2:                                                                                 
               --------------------------                                                                                 
               Occupation: 2.000 Energy:   -1.23684 a.u.                                                                  
               (   1 O   1s  :     0.24) (   1 O   2s  :    -0.85) (   2 H   1s  :    -0.18)                              
                                                                                                                          
               Molecular Orbital No.   3:                                                                                 
               --------------------------                                                                                 
               Occupation: 2.000 Energy:   -0.59041 a.u.                                                                  
               (   1 O   1p-1:    -0.41) (   1 O   1p0 :     0.44) (   2 H   1s  :    -0.45)                              
               (   3 H   1s  :     0.43)                                                                                  
                                                                                                                          
               Molecular Orbital No.   4:                                                                                 
               --------------------------                                                                                 
               Occupation: 2.000 Energy:   -0.43151 a.u.                                                                  
               (   1 O   2s  :    -0.49) (   1 O   1p-1:     0.60) (   1 O   1p0 :     0.49)                              
               (   2 H   1s  :     0.24) (   3 H   1s  :     0.35)                                                        
                                                                                                                          
               Molecular Orbital No.   5:                                                                                 
               --------------------------                                                                                 
               Occupation: 2.000 Energy:   -0.38490 a.u.                                                                  
               (   1 O   1p+1:     1.00)                                                                                  
                                                                                                                          
               Molecular Orbital No.   6:                                                                                 
               --------------------------                                                                                 
               Occupation: 0.000 Energy:    0.50463 a.u.                                                                  
               (   1 O   2s  :    -0.69) (   1 O   1p-1:    -0.34) (   1 O   1p0 :    -0.66)                              
               (   2 H   1s  :     0.44) (   3 H   1s  :     0.94)                                                        
                                                                                                                          
               Molecular Orbital No.   7:                                                                                 
               --------------------------                                                                                 
               Occupation: 0.000 Energy:    0.71372 a.u.                                                                  
               (   1 O   2s  :    -0.41) (   1 O   1p-1:    -0.76) (   1 O   1p0 :     0.58)                              
               (   2 H   1s  :     1.08) (   3 H   1s  :    -0.41)
------------------

[0;31m---------------------------------------------------------------------------[0m
[0;31mAttributeError[0m                            Traceback (most recent call last)
Cell [0;32mIn[3], line 8[0m
[1;32m      5[0m energy [38;5;241m=[39m scf_drv[38;5;241m.[39mget_scf_energy()
[1;32m      7[0m [38;5;66;03m# Gradient[39;00m
[0;32m----> 8[0m scf_grad_drv [38;5;241m=[39m [43mvlx[49m[38;5;241;43m.[39;49m[43mScfGradientDriver[49m[43m([49m[43mscf_drv[49m[43m)[49m
[1;32m      9[0m scf_grad_drv[38;5;241m.[39mcompute(molecule, basis)
[1;32m     10[0m gradient [38;5;241m=[39m scf_grad_drv[38;5;241m.[39mgradient

File [0;32m~/Notebook/anaconda/envs/echem/lib/python3.10/site-packages/veloxchem/scfgradientdriver.py:55[0m, in [0;36mScfGradientDriver.__init__[0;34m(self, comm, ostream)[0m
[1;32m     50[0m [38;5;28;01mdef[39;00m [38;5;21m__init__[39m([38;5;28mself[39m, comm[38;5;241m=[39m[38;5;28;01mNone[39;00m, ostream[38;5;241m=[39m[38;5;28;01mNone[39;00m):
[1;32m     51[0m [38;5;250m    [39m[38;5;124;03m"""[39;00m
[1;32m     52[0m [38;5;124;03m    Initializes gradient driver.[39;00m
[1;32m     53[0m [38;5;124;03m    """[39;00m
[0;32m---> 55[0m     [38;5;28;43msuper[39;49m[43m([49m[43m)[49m[38;5;241;43m.[39;49m[38;5;21;43m__init__[39;49m[43m([49m[43mcomm[49m[43m,[49m[43m [49m[43mostream[49m[43m)[49m
[1;32m     57[0m     [38;5;28mself[39m[38;5;241m.[39mflag [38;5;241m=[39m [38;5;124m'[39m[38;5;124mSCF Gradient Driver[39m[38;5;124m'[39m
[1;32m     59[0m     [38;5;28mself[39m[38;5;241m.[39mnumerical [38;5;241m=[39m [38;5;28;01mTrue[39;00m

File [0;32m~/Notebook/anaconda/envs/echem/lib/python3.10/site-packages/veloxchem/gradientdriver.py:68[0m, in [0;36mGradientDriver.__init__[0;34m(self, comm, ostream)[0m
[1;32m     65[0m     comm [38;5;241m=[39m MPI[38;5;241m.[39mCOMM_WORLD
[1;32m     67[0m [38;5;28;01mif[39;00m ostream [38;5;129;01mis[39;00m [38;5;28;01mNone[39;00m:
[0;32m---> 68[0m     [38;5;28;01mif[39;00m [43mcomm[49m[38;5;241;43m.[39;49m[43mGet_rank[49m() [38;5;241m==[39m mpi_master():
[1;32m     69[0m         ostream [38;5;241m=[39m OutputStream(sys[38;5;241m.[39mstdout)
[1;32m     70[0m     [38;5;28;01melse[39;00m:

[0;31mAttributeError[0m: 'ScfRestrictedDriver' object has no attribute 'Get_rank'

