Traceback (most recent call last):
  File "/home/thomas/Notebook/anaconda/envs/echem/lib/python3.10/site-packages/jupyter_cache/executors/utils.py", line 58, in single_nb_execution
    executenb(
  File "/home/thomas/Notebook/anaconda/envs/echem/lib/python3.10/site-packages/nbclient/client.py", line 1305, in execute
    return NotebookClient(nb=nb, resources=resources, km=km, **kwargs).execute()
  File "/home/thomas/Notebook/anaconda/envs/echem/lib/python3.10/site-packages/jupyter_core/utils/__init__.py", line 166, in wrapped
    return loop.run_until_complete(inner)
  File "/home/thomas/Notebook/anaconda/envs/echem/lib/python3.10/asyncio/base_events.py", line 649, in run_until_complete
    return future.result()
  File "/home/thomas/Notebook/anaconda/envs/echem/lib/python3.10/site-packages/nbclient/client.py", line 705, in async_execute
    await self.async_execute_cell(
  File "/home/thomas/Notebook/anaconda/envs/echem/lib/python3.10/site-packages/nbclient/client.py", line 1058, in async_execute_cell
    await self._check_raise_for_error(cell, cell_index, exec_reply)
  File "/home/thomas/Notebook/anaconda/envs/echem/lib/python3.10/site-packages/nbclient/client.py", line 914, in _check_raise_for_error
    raise CellExecutionError.from_cell_and_msg(cell, exec_reply_content)
nbclient.exceptions.CellExecutionError: An error occurred while executing the following cell:
------------------
# SCF Energy
scf_drv = vlx.ScfRestrictedDriver()
scf_drv.conv_thresh = 1.0e-6
# for DFT
# scf_drv.xcfun = "b3lyp"
# scf_drv.grid_level = 4

# Gradient
grad_driver = vlx.ScfGradientDriver(scf_drv=scf_drv)
------------------


[0;31m---------------------------------------------------------------------------[0m
[0;31mTypeError[0m                                 Traceback (most recent call last)
Cell [0;32mIn[4], line 9[0m
[1;32m      3[0m scf_drv[38;5;241m.[39mconv_thresh [38;5;241m=[39m [38;5;241m1.0e-6[39m
[1;32m      4[0m [38;5;66;03m# for DFT[39;00m
[1;32m      5[0m [38;5;66;03m# scf_drv.xcfun = "b3lyp"[39;00m
[1;32m      6[0m [38;5;66;03m# scf_drv.grid_level = 4[39;00m
[1;32m      7[0m 
[1;32m      8[0m [38;5;66;03m# Gradient[39;00m
[0;32m----> 9[0m grad_driver [38;5;241m=[39m [43mvlx[49m[38;5;241;43m.[39;49m[43mScfGradientDriver[49m[43m([49m[43mscf_drv[49m[38;5;241;43m=[39;49m[43mscf_drv[49m[43m)[49m

[0;31mTypeError[0m: ScfGradientDriver.__init__() got an unexpected keyword argument 'scf_drv'

