Traceback (most recent call last):
  File "/opt/miniconda3/envs/echem/lib/python3.10/site-packages/jupyter_cache/executors/utils.py", line 58, in single_nb_execution
    executenb(
  File "/opt/miniconda3/envs/echem/lib/python3.10/site-packages/nbclient/client.py", line 1305, in execute
    return NotebookClient(nb=nb, resources=resources, km=km, **kwargs).execute()
  File "/opt/miniconda3/envs/echem/lib/python3.10/site-packages/jupyter_core/utils/__init__.py", line 165, in wrapped
    return loop.run_until_complete(inner)
  File "/opt/miniconda3/envs/echem/lib/python3.10/asyncio/base_events.py", line 649, in run_until_complete
    return future.result()
  File "/opt/miniconda3/envs/echem/lib/python3.10/site-packages/nbclient/client.py", line 705, in async_execute
    await self.async_execute_cell(
  File "/opt/miniconda3/envs/echem/lib/python3.10/site-packages/nbclient/client.py", line 1058, in async_execute_cell
    await self._check_raise_for_error(cell, cell_index, exec_reply)
  File "/opt/miniconda3/envs/echem/lib/python3.10/site-packages/nbclient/client.py", line 914, in _check_raise_for_error
    raise CellExecutionError.from_cell_and_msg(cell, exec_reply_content)
nbclient.exceptions.CellExecutionError: An error occurred while executing the following cell:
------------------
atomtypeidentifier = vlx.AtomTypeIdentifier()
atom_types = atomtypeidentifier.generate_gaff_atomtypes(molecule)

ff_gen.molecule_name = 'hs276'
ff_gen.molecule = molecule
ff_gen.atom_types = atom_types
ff_gen.force_field_data = '../../data/md/gaff-2.11.dat'
ff_gen.force_field_data_extension = '../../data/md/gaff-2.11_extension.dat'

ff_gen.workdir = Path('../../data/md')
ff_gen.workdir.mkdir(parents=True, exist_ok=True)

original_itp_file = ff_gen.workdir / (ff_gen.molecule_name + f'_{ff_gen.ffversion:02d}.itp')
original_top_file = original_itp_file.with_suffix('.top')

ff_gen.write_original_itp(original_itp_file, atom_types, resp_chg)
ff_gen.write_top(original_top_file, original_itp_file)
------------------

----- stdout -----
* Info * VeloxChem Atom Type Identification                                                                               
* Info * ----------------------------------------                                                                         
* Info * Detected number of atoms: 35                                                                                     
* Info * Symbol (id)                    GAFF atom type assigned                                                           
* Info * C (1)                          ca                                                                                
* Info * C (2)                          ca                                                                                
* Info * H (3)                          h4                                                                                
* Info * N (4)                          nb                                                                                
* Info * C (5)                          ca                                                                                
* Info * H (6)                          h4                                                                                
* Info * C (7)                          ca                                                                                
* Info * H (8)                          ha                                                                                
* Info * C (9)                          ca                                                                                
* Info * C (10)                         cc                                                                                
* Info * H (11)                         ha                                                                                
* Info * C (12)                         cd                                                                                
* Info * H (13)                         h4                                                                                
* Info * N (14)                         na                                                                                
* Info * C (15)                         cc                                                                                
* Info * S (16)                         ss                                                                                
* Info * C (17)                         cd                                                                                
* Info * H (18)                         ha                                                                                
* Info * C (19)                         cd                                                                                
* Info * H (20)                         ha                                                                                
* Info * C (21)                         cc                                                                                
* Info * C (22)                         cc                                                                                
* Info * C (23)                         cd                                                                                
* Info * H (24)                         ha                                                                                
* Info * C (25)                         cd                                                                                
* Info * H (26)                         ha                                                                                
* Info * S (27)                         ss                                                                                
* Info * C (28)                         cc                                                                                
* Info * C (29)                         c                                                                                 
* Info * O (30)                         o                                                                                 
* Info * O (31)                         os                                                                                
* Info * C (32)                         c3                                                                                
* Info * H (33)                         h1                                                                                
* Info * H (34)                         h1                                                                                
* Info * H (35)                         h1                                                                                
                                                                                                                          
* Info * Detected 4 cycles:                                                                                               
* Info * Cycle size 5: Non-pure Aromatic Cycle                                                                            
* Info * Cycle size 5: Non-pure Aromatic Cycle                                                                            
* Info * Cycle size 5: Non-pure Aromatic Cycle                                                                            
* Info * Cycle size 6: Pure Aromatic Cycle
------------------

[0;31m---------------------------------------------------------------------------[0m
[0;31mAttributeError[0m                            Traceback (most recent call last)
Cell [0;32mIn[5], line 16[0m
[1;32m     13[0m original_itp_file [38;5;241m=[39m ff_gen[38;5;241m.[39mworkdir [38;5;241m/[39m (ff_gen[38;5;241m.[39mmolecule_name [38;5;241m+[39m [38;5;124mf[39m[38;5;124m'[39m[38;5;124m_[39m[38;5;132;01m{[39;00mff_gen[38;5;241m.[39mffversion[38;5;132;01m:[39;00m[38;5;124m02d[39m[38;5;132;01m}[39;00m[38;5;124m.itp[39m[38;5;124m'[39m)
[1;32m     14[0m original_top_file [38;5;241m=[39m original_itp_file[38;5;241m.[39mwith_suffix([38;5;124m'[39m[38;5;124m.top[39m[38;5;124m'[39m)
[0;32m---> 16[0m [43mff_gen[49m[38;5;241;43m.[39;49m[43mwrite_original_itp[49m(original_itp_file, atom_types, resp_chg)
[1;32m     17[0m ff_gen[38;5;241m.[39mwrite_top(original_top_file, original_itp_file)

[0;31mAttributeError[0m: 'ForceFieldGenerator' object has no attribute 'write_original_itp'

