Traceback (most recent call last):
  File "/home/xinli/miniconda3/envs/echem/lib/python3.10/site-packages/jupyter_cache/executors/utils.py", line 58, in single_nb_execution
    executenb(
  File "/home/xinli/miniconda3/envs/echem/lib/python3.10/site-packages/nbclient/client.py", line 1305, in execute
    return NotebookClient(nb=nb, resources=resources, km=km, **kwargs).execute()
  File "/home/xinli/miniconda3/envs/echem/lib/python3.10/site-packages/jupyter_core/utils/__init__.py", line 166, in wrapped
    return loop.run_until_complete(inner)
  File "/home/xinli/miniconda3/envs/echem/lib/python3.10/asyncio/base_events.py", line 649, in run_until_complete
    return future.result()
  File "/home/xinli/miniconda3/envs/echem/lib/python3.10/site-packages/nbclient/client.py", line 705, in async_execute
    await self.async_execute_cell(
  File "/home/xinli/miniconda3/envs/echem/lib/python3.10/site-packages/nbclient/client.py", line 1058, in async_execute_cell
    await self._check_raise_for_error(cell, cell_index, exec_reply)
  File "/home/xinli/miniconda3/envs/echem/lib/python3.10/site-packages/nbclient/client.py", line 914, in _check_raise_for_error
    raise CellExecutionError.from_cell_and_msg(cell, exec_reply_content)
nbclient.exceptions.CellExecutionError: An error occurred while executing the following cell:
------------------
nocc = molecule.number_of_alpha_electrons()

full_solution_z_0 = LinearResponseSolver.get_full_solution_vector(lrs_out['solutions'][('z', 0)])

N = - full_solution_z_0

kappa = vec2mat(N, nocc, norb)

C = scf_drv.scf_tensors['C']
# factor of sqrt(2) due to use of normalized spin-adapted excitation operators
# in the formation of the property gradient, mu[1].
D1 = np.einsum('QP,aP,bQ->ab', kappa, C, C) * np.sqrt(2)

alpha_AB = atomic_property(mu, D1)

print(f"alpha = {alpha_AB.sum() : .6f} a.u.")
print('\nalpha_AB:\n', alpha_AB)
------------------


[0;31m---------------------------------------------------------------------------[0m
[0;31mNameError[0m                                 Traceback (most recent call last)
Cell [0;32mIn[20], line 3[0m
[1;32m      1[0m nocc [38;5;241m=[39m molecule[38;5;241m.[39mnumber_of_alpha_electrons()
[0;32m----> 3[0m full_solution_z_0 [38;5;241m=[39m [43mLinearResponseSolver[49m[38;5;241m.[39mget_full_solution_vector(lrs_out[[38;5;124m'[39m[38;5;124msolutions[39m[38;5;124m'[39m][([38;5;124m'[39m[38;5;124mz[39m[38;5;124m'[39m, [38;5;241m0[39m)])
[1;32m      5[0m N [38;5;241m=[39m [38;5;241m-[39m full_solution_z_0
[1;32m      7[0m kappa [38;5;241m=[39m vec2mat(N, nocc, norb)

[0;31mNameError[0m: name 'LinearResponseSolver' is not defined

