Traceback (most recent call last):
  File "/opt/miniconda3/envs/echem/lib/python3.10/site-packages/jupyter_cache/executors/utils.py", line 58, in single_nb_execution
    executenb(
  File "/opt/miniconda3/envs/echem/lib/python3.10/site-packages/nbclient/client.py", line 1305, in execute
    return NotebookClient(nb=nb, resources=resources, km=km, **kwargs).execute()
  File "/opt/miniconda3/envs/echem/lib/python3.10/site-packages/jupyter_core/utils/__init__.py", line 165, in wrapped
    return loop.run_until_complete(inner)
  File "/opt/miniconda3/envs/echem/lib/python3.10/asyncio/base_events.py", line 649, in run_until_complete
    return future.result()
  File "/opt/miniconda3/envs/echem/lib/python3.10/site-packages/nbclient/client.py", line 705, in async_execute
    await self.async_execute_cell(
  File "/opt/miniconda3/envs/echem/lib/python3.10/site-packages/nbclient/client.py", line 1058, in async_execute_cell
    await self._check_raise_for_error(cell, cell_index, exec_reply)
  File "/opt/miniconda3/envs/echem/lib/python3.10/site-packages/nbclient/client.py", line 914, in _check_raise_for_error
    raise CellExecutionError.from_cell_and_msg(cell, exec_reply_content)
nbclient.exceptions.CellExecutionError: An error occurred while executing the following cell:
------------------
xtb_hessian_drv = vlx.XtbHessianDriver()

fname = '../../data/md/kahweol_xtb_hessian.h5'
hf = h5py.File(fname, "r")
xtb_hessian_drv.hessian = np.array(hf.get('kahweol_hessian')) 
xtb_hessian_drv.dipole_gradient = np.array(hf.get('kahweol_dipolegrad'))
hf.close()
------------------


[0;31m---------------------------------------------------------------------------[0m
[0;31mTypeError[0m                                 Traceback (most recent call last)
Cell [0;32mIn[6], line 1[0m
[0;32m----> 1[0m xtb_hessian_drv [38;5;241m=[39m [43mvlx[49m[38;5;241;43m.[39;49m[43mXtbHessianDriver[49m[43m([49m[43m)[49m
[1;32m      3[0m fname [38;5;241m=[39m [38;5;124m'[39m[38;5;124m../../data/md/kahweol_xtb_hessian.h5[39m[38;5;124m'[39m
[1;32m      4[0m hf [38;5;241m=[39m h5py[38;5;241m.[39mFile(fname, [38;5;124m"[39m[38;5;124mr[39m[38;5;124m"[39m)

[0;31mTypeError[0m: XtbHessianDriver.__init__() missing 1 required positional argument: 'xtb_drv'

